{
  "C:\\Users\\jesus\\Desktop\\proyectos\\BookHub\\frontend\\src\\main.jsx": {
    "path": "C:\\Users\\jesus\\Desktop\\proyectos\\BookHub\\frontend\\src\\main.jsx",
    "all": true,
    "statementMap": {
      "0": {
        "start": { "line": 1, "column": 0 },
        "end": { "line": 1, "column": 35 }
      },
      "1": {
        "start": { "line": 2, "column": 0 },
        "end": { "line": 2, "column": 46 }
      },
      "2": {
        "start": { "line": 3, "column": 0 },
        "end": { "line": 3, "column": 21 }
      },
      "3": {
        "start": { "line": 4, "column": 0 },
        "end": { "line": 4, "column": 49 }
      },
      "4": {
        "start": { "line": 5, "column": 0 },
        "end": { "line": 5, "column": 37 }
      },
      "6": {
        "start": { "line": 7, "column": 0 },
        "end": { "line": 7, "column": 51 }
      },
      "7": {
        "start": { "line": 8, "column": 0 },
        "end": { "line": 8, "column": 14 }
      },
      "8": {
        "start": { "line": 9, "column": 0 },
        "end": { "line": 9, "column": 19 }
      },
      "9": {
        "start": { "line": 10, "column": 0 },
        "end": { "line": 10, "column": 16 }
      }
    },
    "s": {
      "0": 0,
      "1": 0,
      "2": 0,
      "3": 0,
      "4": 0,
      "6": 0,
      "7": 0,
      "8": 0,
      "9": 0
    },
    "branchMap": {
      "0": {
        "type": "branch",
        "line": 1,
        "loc": {
          "start": { "line": 1, "column": 349 },
          "end": { "line": 13, "column": 2 }
        },
        "locations": [
          {
            "start": { "line": 1, "column": 349 },
            "end": { "line": 13, "column": 2 }
          }
        ]
      }
    },
    "b": { "0": [0] },
    "fnMap": {
      "0": {
        "name": "(empty-report)",
        "decl": {
          "start": { "line": 1, "column": 349 },
          "end": { "line": 13, "column": 2 }
        },
        "loc": {
          "start": { "line": 1, "column": 349 },
          "end": { "line": 13, "column": 2 }
        },
        "line": 1
      }
    },
    "f": { "0": 0 }
  },
  "C:\\Users\\jesus\\Desktop\\proyectos\\BookHub\\frontend\\src\\components\\BookCard.jsx": {
    "path": "C:\\Users\\jesus\\Desktop\\proyectos\\BookHub\\frontend\\src\\components\\BookCard.jsx",
    "all": false,
    "statementMap": {
      "0": {
        "start": { "line": 1, "column": 0 },
        "end": { "line": 1, "column": 64 }
      },
      "1": {
        "start": { "line": 2, "column": 0 },
        "end": { "line": 2, "column": 10 }
      },
      "2": {
        "start": { "line": 3, "column": 0 },
        "end": { "line": 3, "column": 135 }
      },
      "3": {
        "start": { "line": 4, "column": 0 },
        "end": { "line": 4, "column": 84 }
      },
      "4": {
        "start": { "line": 5, "column": 0 },
        "end": { "line": 5, "column": 12 }
      },
      "5": {
        "start": { "line": 6, "column": 0 },
        "end": { "line": 6, "column": 21 }
      },
      "6": {
        "start": { "line": 7, "column": 0 },
        "end": { "line": 7, "column": 21 }
      },
      "7": {
        "start": { "line": 8, "column": 0 },
        "end": { "line": 8, "column": 48 }
      },
      "10": {
        "start": { "line": 11, "column": 0 },
        "end": { "line": 11, "column": 79 }
      },
      "11": {
        "start": { "line": 12, "column": 0 },
        "end": { "line": 12, "column": 38 }
      },
      "12": {
        "start": { "line": 13, "column": 0 },
        "end": { "line": 13, "column": 92 }
      },
      "13": {
        "start": { "line": 14, "column": 0 },
        "end": { "line": 14, "column": 95 }
      },
      "15": {
        "start": { "line": 16, "column": 0 },
        "end": { "line": 16, "column": 15 }
      },
      "16": {
        "start": { "line": 17, "column": 0 },
        "end": { "line": 17, "column": 34 }
      },
      "17": {
        "start": { "line": 18, "column": 0 },
        "end": { "line": 18, "column": 133 }
      },
      "18": {
        "start": { "line": 19, "column": 0 },
        "end": { "line": 19, "column": 9 }
      },
      "24": {
        "start": { "line": 25, "column": 0 },
        "end": { "line": 25, "column": 2 }
      },
      "26": {
        "start": { "line": 27, "column": 0 },
        "end": { "line": 27, "column": 24 }
      }
    },
    "s": {
      "0": 1,
      "1": 12,
      "2": 12,
      "3": 12,
      "4": 12,
      "5": 12,
      "6": 12,
      "7": 12,
      "10": 12,
      "11": 12,
      "12": 12,
      "13": 12,
      "15": 12,
      "16": 12,
      "17": 12,
      "18": 12,
      "24": 12,
      "26": 1
    },
    "branchMap": {
      "0": {
        "type": "branch",
        "line": 1,
        "loc": {
          "start": { "line": 1, "column": 17 },
          "end": { "line": 25, "column": 2 }
        },
        "locations": [
          {
            "start": { "line": 1, "column": 17 },
            "end": { "line": 25, "column": 2 }
          }
        ]
      }
    },
    "b": { "0": [12] },
    "fnMap": {
      "0": {
        "name": "BookCard",
        "decl": {
          "start": { "line": 1, "column": 17 },
          "end": { "line": 25, "column": 2 }
        },
        "loc": {
          "start": { "line": 1, "column": 17 },
          "end": { "line": 25, "column": 2 }
        },
        "line": 1
      }
    },
    "f": { "0": 12 }
  },
  "C:\\Users\\jesus\\Desktop\\proyectos\\BookHub\\frontend\\src\\components\\Footer.jsx": {
    "path": "C:\\Users\\jesus\\Desktop\\proyectos\\BookHub\\frontend\\src\\components\\Footer.jsx",
    "all": true,
    "statementMap": {},
    "s": {},
    "branchMap": {
      "0": {
        "type": "branch",
        "line": 1,
        "loc": {
          "start": { "line": 1, "column": 0 },
          "end": { "line": 1, "column": 0 }
        },
        "locations": [
          {
            "start": { "line": 1, "column": 0 },
            "end": { "line": 1, "column": 0 }
          }
        ]
      }
    },
    "b": { "0": [1] },
    "fnMap": {
      "0": {
        "name": "(empty-report)",
        "decl": {
          "start": { "line": 1, "column": 0 },
          "end": { "line": 1, "column": 0 }
        },
        "loc": {
          "start": { "line": 1, "column": 0 },
          "end": { "line": 1, "column": 0 }
        },
        "line": 1
      }
    },
    "f": { "0": 1 }
  },
  "C:\\Users\\jesus\\Desktop\\proyectos\\BookHub\\frontend\\src\\components\\Header.jsx": {
    "path": "C:\\Users\\jesus\\Desktop\\proyectos\\BookHub\\frontend\\src\\components\\Header.jsx",
    "all": false,
    "statementMap": {
      "0": {
        "start": { "line": 1, "column": 0 },
        "end": { "line": 1, "column": 47 }
      },
      "1": {
        "start": { "line": 2, "column": 0 },
        "end": { "line": 2, "column": 51 }
      },
      "3": {
        "start": { "line": 4, "column": 0 },
        "end": { "line": 4, "column": 22 }
      },
      "4": {
        "start": { "line": 5, "column": 0 },
        "end": { "line": 5, "column": 33 }
      },
      "5": {
        "start": { "line": 6, "column": 0 },
        "end": { "line": 6, "column": 63 }
      },
      "6": {
        "start": { "line": 7, "column": 0 },
        "end": { "line": 7, "column": 50 }
      },
      "8": {
        "start": { "line": 9, "column": 0 },
        "end": { "line": 9, "column": 19 }
      },
      "9": {
        "start": { "line": 10, "column": 0 },
        "end": { "line": 10, "column": 35 }
      },
      "10": {
        "start": { "line": 11, "column": 0 },
        "end": { "line": 11, "column": 11 }
      },
      "11": {
        "start": { "line": 12, "column": 0 },
        "end": { "line": 12, "column": 75 }
      },
      "12": {
        "start": { "line": 13, "column": 0 },
        "end": { "line": 13, "column": 33 }
      },
      "13": {
        "start": { "line": 14, "column": 0 },
        "end": { "line": 14, "column": 11 }
      },
      "14": {
        "start": { "line": 15, "column": 0 },
        "end": { "line": 15, "column": 35 }
      },
      "15": {
        "start": { "line": 16, "column": 0 },
        "end": { "line": 16, "column": 23 }
      },
      "16": {
        "start": { "line": 17, "column": 0 },
        "end": { "line": 17, "column": 34 }
      },
      "17": {
        "start": { "line": 18, "column": 0 },
        "end": { "line": 18, "column": 7 }
      },
      "18": {
        "start": { "line": 19, "column": 0 },
        "end": { "line": 19, "column": 6 }
      },
      "20": {
        "start": { "line": 21, "column": 0 },
        "end": { "line": 21, "column": 16 }
      },
      "21": {
        "start": { "line": 22, "column": 0 },
        "end": { "line": 22, "column": 9 }
      },
      "23": {
        "start": { "line": 24, "column": 0 },
        "end": { "line": 24, "column": 30 }
      },
      "24": {
        "start": { "line": 25, "column": 0 },
        "end": { "line": 25, "column": 9 }
      },
      "25": {
        "start": { "line": 26, "column": 0 },
        "end": { "line": 26, "column": 77 }
      },
      "26": {
        "start": { "line": 27, "column": 0 },
        "end": { "line": 27, "column": 23 }
      },
      "27": {
        "start": { "line": 28, "column": 0 },
        "end": { "line": 28, "column": 31 }
      },
      "28": {
        "start": { "line": 29, "column": 0 },
        "end": { "line": 29, "column": 9 }
      },
      "30": {
        "start": { "line": 31, "column": 0 },
        "end": { "line": 31, "column": 19 }
      },
      "31": {
        "start": { "line": 32, "column": 0 },
        "end": { "line": 32, "column": 34 }
      },
      "32": {
        "start": { "line": 33, "column": 0 },
        "end": { "line": 33, "column": 33 }
      },
      "33": {
        "start": { "line": 34, "column": 0 },
        "end": { "line": 34, "column": 14 }
      },
      "34": {
        "start": { "line": 35, "column": 0 },
        "end": { "line": 35, "column": 48 }
      },
      "35": {
        "start": { "line": 36, "column": 0 },
        "end": { "line": 36, "column": 7 }
      },
      "36": {
        "start": { "line": 37, "column": 0 },
        "end": { "line": 37, "column": 21 }
      },
      "37": {
        "start": { "line": 38, "column": 0 },
        "end": { "line": 38, "column": 47 }
      },
      "38": {
        "start": { "line": 39, "column": 0 },
        "end": { "line": 39, "column": 5 }
      },
      "39": {
        "start": { "line": 40, "column": 0 },
        "end": { "line": 40, "column": 4 }
      },
      "41": {
        "start": { "line": 42, "column": 0 },
        "end": { "line": 42, "column": 10 }
      },
      "42": {
        "start": { "line": 43, "column": 0 },
        "end": { "line": 43, "column": 26 }
      },
      "43": {
        "start": { "line": 44, "column": 0 },
        "end": { "line": 44, "column": 90 }
      },
      "45": {
        "start": { "line": 46, "column": 0 },
        "end": { "line": 46, "column": 10 }
      },
      "46": {
        "start": { "line": 47, "column": 0 },
        "end": { "line": 47, "column": 63 }
      },
      "47": {
        "start": { "line": 48, "column": 0 },
        "end": { "line": 48, "column": 37 }
      },
      "49": {
        "start": { "line": 50, "column": 0 },
        "end": { "line": 50, "column": 114 }
      },
      "50": {
        "start": { "line": 51, "column": 0 },
        "end": { "line": 51, "column": 10 }
      },
      "51": {
        "start": { "line": 52, "column": 0 },
        "end": { "line": 52, "column": 83 }
      },
      "52": {
        "start": { "line": 53, "column": 0 },
        "end": { "line": 53, "column": 48 }
      },
      "53": {
        "start": { "line": 54, "column": 0 },
        "end": { "line": 54, "column": 9 }
      },
      "59": {
        "start": { "line": 60, "column": 0 },
        "end": { "line": 60, "column": 57 }
      },
      "60": {
        "start": { "line": 61, "column": 0 },
        "end": { "line": 61, "column": 29 }
      },
      "61": {
        "start": { "line": 62, "column": 0 },
        "end": { "line": 62, "column": 12 }
      },
      "62": {
        "start": { "line": 63, "column": 0 },
        "end": { "line": 63, "column": 19 }
      },
      "63": {
        "start": { "line": 64, "column": 0 },
        "end": { "line": 64, "column": 73 }
      },
      "64": {
        "start": { "line": 65, "column": 0 },
        "end": { "line": 65, "column": 54 }
      },
      "65": {
        "start": { "line": 66, "column": 0 },
        "end": { "line": 66, "column": 13 }
      },
      "68": {
        "start": { "line": 69, "column": 0 },
        "end": { "line": 69, "column": 19 }
      },
      "69": {
        "start": { "line": 70, "column": 0 },
        "end": { "line": 70, "column": 73 }
      },
      "70": {
        "start": { "line": 71, "column": 0 },
        "end": { "line": 71, "column": 51 }
      },
      "71": {
        "start": { "line": 72, "column": 0 },
        "end": { "line": 72, "column": 13 }
      },
      "74": {
        "start": { "line": 75, "column": 0 },
        "end": { "line": 75, "column": 19 }
      },
      "75": {
        "start": { "line": 76, "column": 0 },
        "end": { "line": 76, "column": 73 }
      },
      "76": {
        "start": { "line": 77, "column": 0 },
        "end": { "line": 77, "column": 54 }
      },
      "77": {
        "start": { "line": 78, "column": 0 },
        "end": { "line": 78, "column": 13 }
      },
      "80": {
        "start": { "line": 81, "column": 0 },
        "end": { "line": 81, "column": 19 }
      },
      "81": {
        "start": { "line": 82, "column": 0 },
        "end": { "line": 82, "column": 73 }
      },
      "82": {
        "start": { "line": 83, "column": 0 },
        "end": { "line": 83, "column": 50 }
      },
      "83": {
        "start": { "line": 84, "column": 0 },
        "end": { "line": 84, "column": 13 }
      },
      "86": {
        "start": { "line": 87, "column": 0 },
        "end": { "line": 87, "column": 19 }
      },
      "87": {
        "start": { "line": 88, "column": 0 },
        "end": { "line": 88, "column": 71 }
      },
      "88": {
        "start": { "line": 89, "column": 0 },
        "end": { "line": 89, "column": 30 }
      },
      "89": {
        "start": { "line": 90, "column": 0 },
        "end": { "line": 90, "column": 13 }
      },
      "94": {
        "start": { "line": 95, "column": 0 },
        "end": { "line": 95, "column": 30 }
      },
      "95": {
        "start": { "line": 96, "column": 0 },
        "end": { "line": 96, "column": 17 }
      },
      "96": {
        "start": { "line": 97, "column": 0 },
        "end": { "line": 97, "column": 71 }
      },
      "97": {
        "start": { "line": 98, "column": 0 },
        "end": { "line": 98, "column": 46 }
      },
      "98": {
        "start": { "line": 99, "column": 0 },
        "end": { "line": 99, "column": 11 }
      },
      "105": {
        "start": { "line": 106, "column": 0 },
        "end": { "line": 106, "column": 42 }
      },
      "106": {
        "start": { "line": 107, "column": 0 },
        "end": { "line": 107, "column": 15 }
      },
      "107": {
        "start": { "line": 108, "column": 0 },
        "end": { "line": 108, "column": 60 }
      },
      "108": {
        "start": { "line": 109, "column": 0 },
        "end": { "line": 109, "column": 48 }
      },
      "109": {
        "start": { "line": 110, "column": 0 },
        "end": { "line": 110, "column": 9 }
      },
      "113": {
        "start": { "line": 114, "column": 0 },
        "end": { "line": 114, "column": 22 }
      },
      "114": {
        "start": { "line": 115, "column": 0 },
        "end": { "line": 115, "column": 94 }
      },
      "115": {
        "start": { "line": 116, "column": 0 },
        "end": { "line": 116, "column": 33 }
      },
      "116": {
        "start": { "line": 117, "column": 0 },
        "end": { "line": 117, "column": 16 }
      },
      "117": {
        "start": { "line": 118, "column": 0 },
        "end": { "line": 118, "column": 23 }
      },
      "118": {
        "start": { "line": 119, "column": 0 },
        "end": { "line": 119, "column": 80 }
      },
      "119": {
        "start": { "line": 120, "column": 0 },
        "end": { "line": 120, "column": 34 }
      },
      "120": {
        "start": { "line": 121, "column": 0 },
        "end": { "line": 121, "column": 39 }
      },
      "121": {
        "start": { "line": 122, "column": 0 },
        "end": { "line": 122, "column": 45 }
      },
      "122": {
        "start": { "line": 123, "column": 0 },
        "end": { "line": 123, "column": 20 }
      },
      "123": {
        "start": { "line": 124, "column": 0 },
        "end": { "line": 124, "column": 17 }
      },
      "126": {
        "start": { "line": 127, "column": 0 },
        "end": { "line": 127, "column": 23 }
      },
      "127": {
        "start": { "line": 128, "column": 0 },
        "end": { "line": 128, "column": 80 }
      },
      "128": {
        "start": { "line": 129, "column": 0 },
        "end": { "line": 129, "column": 34 }
      },
      "129": {
        "start": { "line": 130, "column": 0 },
        "end": { "line": 130, "column": 39 }
      },
      "130": {
        "start": { "line": 131, "column": 0 },
        "end": { "line": 131, "column": 42 }
      },
      "131": {
        "start": { "line": 132, "column": 0 },
        "end": { "line": 132, "column": 20 }
      },
      "132": {
        "start": { "line": 133, "column": 0 },
        "end": { "line": 133, "column": 17 }
      },
      "135": {
        "start": { "line": 136, "column": 0 },
        "end": { "line": 136, "column": 23 }
      },
      "136": {
        "start": { "line": 137, "column": 0 },
        "end": { "line": 137, "column": 80 }
      },
      "137": {
        "start": { "line": 138, "column": 0 },
        "end": { "line": 138, "column": 34 }
      },
      "138": {
        "start": { "line": 139, "column": 0 },
        "end": { "line": 139, "column": 39 }
      },
      "139": {
        "start": { "line": 140, "column": 0 },
        "end": { "line": 140, "column": 45 }
      },
      "140": {
        "start": { "line": 141, "column": 0 },
        "end": { "line": 141, "column": 20 }
      },
      "141": {
        "start": { "line": 142, "column": 0 },
        "end": { "line": 142, "column": 17 }
      },
      "144": {
        "start": { "line": 145, "column": 0 },
        "end": { "line": 145, "column": 23 }
      },
      "145": {
        "start": { "line": 146, "column": 0 },
        "end": { "line": 146, "column": 80 }
      },
      "146": {
        "start": { "line": 147, "column": 0 },
        "end": { "line": 147, "column": 34 }
      },
      "147": {
        "start": { "line": 148, "column": 0 },
        "end": { "line": 148, "column": 39 }
      },
      "148": {
        "start": { "line": 149, "column": 0 },
        "end": { "line": 149, "column": 41 }
      },
      "149": {
        "start": { "line": 150, "column": 0 },
        "end": { "line": 150, "column": 20 }
      },
      "150": {
        "start": { "line": 151, "column": 0 },
        "end": { "line": 151, "column": 17 }
      },
      "153": {
        "start": { "line": 154, "column": 0 },
        "end": { "line": 154, "column": 23 }
      },
      "154": {
        "start": { "line": 155, "column": 0 },
        "end": { "line": 155, "column": 93 }
      },
      "155": {
        "start": { "line": 156, "column": 0 },
        "end": { "line": 156, "column": 34 }
      },
      "156": {
        "start": { "line": 157, "column": 0 },
        "end": { "line": 157, "column": 39 }
      },
      "157": {
        "start": { "line": 158, "column": 0 },
        "end": { "line": 158, "column": 29 }
      },
      "158": {
        "start": { "line": 159, "column": 0 },
        "end": { "line": 159, "column": 20 }
      },
      "159": {
        "start": { "line": 160, "column": 0 },
        "end": { "line": 160, "column": 17 }
      },
      "164": {
        "start": { "line": 165, "column": 0 },
        "end": { "line": 165, "column": 34 }
      },
      "165": {
        "start": { "line": 166, "column": 0 },
        "end": { "line": 166, "column": 21 }
      },
      "166": {
        "start": { "line": 167, "column": 0 },
        "end": { "line": 167, "column": 78 }
      },
      "167": {
        "start": { "line": 168, "column": 0 },
        "end": { "line": 168, "column": 32 }
      },
      "168": {
        "start": { "line": 169, "column": 0 },
        "end": { "line": 169, "column": 37 }
      },
      "169": {
        "start": { "line": 170, "column": 0 },
        "end": { "line": 170, "column": 37 }
      },
      "170": {
        "start": { "line": 171, "column": 0 },
        "end": { "line": 171, "column": 18 }
      },
      "171": {
        "start": { "line": 172, "column": 0 },
        "end": { "line": 172, "column": 15 }
      },
      "179": {
        "start": { "line": 180, "column": 0 },
        "end": { "line": 180, "column": 82 }
      },
      "183": {
        "start": { "line": 184, "column": 0 },
        "end": { "line": 184, "column": 2 }
      },
      "185": {
        "start": { "line": 186, "column": 0 },
        "end": { "line": 186, "column": 22 }
      }
    },
    "s": {
      "0": 1,
      "1": 1,
      "3": 1,
      "4": 143,
      "5": 143,
      "6": 143,
      "8": 143,
      "9": 20,
      "10": 20,
      "11": 20,
      "12": 20,
      "13": 20,
      "14": 15,
      "15": 20,
      "16": 5,
      "17": 5,
      "18": 20,
      "20": 20,
      "21": 143,
      "23": 143,
      "24": 0,
      "25": 0,
      "26": 0,
      "27": 0,
      "28": 0,
      "30": 0,
      "31": 0,
      "32": 0,
      "33": 0,
      "34": 0,
      "35": 0,
      "36": 0,
      "37": 0,
      "38": 0,
      "39": 0,
      "41": 143,
      "42": 143,
      "43": 143,
      "45": 143,
      "46": 143,
      "47": 143,
      "49": 143,
      "50": 143,
      "51": 143,
      "52": 143,
      "53": 143,
      "59": 143,
      "60": 143,
      "61": 143,
      "62": 143,
      "63": 143,
      "64": 143,
      "65": 143,
      "68": 143,
      "69": 143,
      "70": 143,
      "71": 143,
      "74": 143,
      "75": 143,
      "76": 143,
      "77": 143,
      "80": 143,
      "81": 143,
      "82": 143,
      "83": 143,
      "86": 143,
      "87": 143,
      "88": 143,
      "89": 143,
      "94": 143,
      "95": 143,
      "96": 143,
      "97": 143,
      "98": 143,
      "105": 143,
      "106": 143,
      "107": 143,
      "108": 143,
      "109": 143,
      "113": 143,
      "114": 143,
      "115": 143,
      "116": 143,
      "117": 143,
      "118": 143,
      "119": 143,
      "120": 0,
      "121": 0,
      "122": 0,
      "123": 143,
      "126": 143,
      "127": 143,
      "128": 143,
      "129": 0,
      "130": 0,
      "131": 0,
      "132": 143,
      "135": 143,
      "136": 143,
      "137": 143,
      "138": 0,
      "139": 0,
      "140": 0,
      "141": 143,
      "144": 143,
      "145": 143,
      "146": 143,
      "147": 0,
      "148": 0,
      "149": 0,
      "150": 143,
      "153": 143,
      "154": 143,
      "155": 143,
      "156": 0,
      "157": 0,
      "158": 0,
      "159": 143,
      "164": 143,
      "165": 143,
      "166": 143,
      "167": 143,
      "168": 0,
      "169": 0,
      "170": 0,
      "171": 143,
      "179": 143,
      "183": 143,
      "185": 1
    },
    "branchMap": {
      "0": {
        "type": "branch",
        "line": 4,
        "loc": {
          "start": { "line": 4, "column": 15 },
          "end": { "line": 184, "column": 2 }
        },
        "locations": [
          {
            "start": { "line": 4, "column": 15 },
            "end": { "line": 184, "column": 2 }
          }
        ]
      },
      "1": {
        "type": "branch",
        "line": 9,
        "loc": {
          "start": { "line": 9, "column": 12 },
          "end": { "line": 22, "column": 5 }
        },
        "locations": [
          {
            "start": { "line": 9, "column": 12 },
            "end": { "line": 22, "column": 5 }
          }
        ]
      },
      "2": {
        "type": "branch",
        "line": 10,
        "loc": {
          "start": { "line": 10, "column": 22 },
          "end": { "line": 19, "column": 6 }
        },
        "locations": [
          {
            "start": { "line": 10, "column": 22 },
            "end": { "line": 19, "column": 6 }
          }
        ]
      },
      "3": {
        "type": "branch",
        "line": 14,
        "loc": {
          "start": { "line": 14, "column": 8 },
          "end": { "line": 16, "column": 8 }
        },
        "locations": [
          {
            "start": { "line": 14, "column": 8 },
            "end": { "line": 16, "column": 8 }
          }
        ]
      },
      "4": {
        "type": "branch",
        "line": 16,
        "loc": {
          "start": { "line": 16, "column": 8 },
          "end": { "line": 18, "column": 7 }
        },
        "locations": [
          {
            "start": { "line": 16, "column": 8 },
            "end": { "line": 18, "column": 7 }
          }
        ]
      },
      "5": {
        "type": "branch",
        "line": 48,
        "loc": {
          "start": { "line": 48, "column": 17 },
          "end": { "line": 48, "column": 37 }
        },
        "locations": [
          {
            "start": { "line": 48, "column": 17 },
            "end": { "line": 48, "column": 37 }
          }
        ]
      },
      "6": {
        "type": "branch",
        "line": 65,
        "loc": {
          "start": { "line": 65, "column": 23 },
          "end": { "line": 65, "column": 54 }
        },
        "locations": [
          {
            "start": { "line": 65, "column": 23 },
            "end": { "line": 65, "column": 54 }
          }
        ]
      },
      "7": {
        "type": "branch",
        "line": 83,
        "loc": {
          "start": { "line": 83, "column": 23 },
          "end": { "line": 83, "column": 50 }
        },
        "locations": [
          {
            "start": { "line": 83, "column": 23 },
            "end": { "line": 83, "column": 50 }
          }
        ]
      }
    },
    "b": {
      "0": [143],
      "1": [20],
      "2": [20],
      "3": [15],
      "4": [5],
      "5": [1],
      "6": [1],
      "7": [1]
    },
    "fnMap": {
      "0": {
        "name": "Header",
        "decl": {
          "start": { "line": 4, "column": 15 },
          "end": { "line": 184, "column": 2 }
        },
        "loc": {
          "start": { "line": 4, "column": 15 },
          "end": { "line": 184, "column": 2 }
        },
        "line": 4
      },
      "1": {
        "name": "checkAuth",
        "decl": {
          "start": { "line": 10, "column": 22 },
          "end": { "line": 19, "column": 6 }
        },
        "loc": {
          "start": { "line": 10, "column": 22 },
          "end": { "line": 19, "column": 6 }
        },
        "line": 10
      },
      "2": {
        "name": "logout",
        "decl": {
          "start": { "line": 24, "column": 17 },
          "end": { "line": 40, "column": 4 }
        },
        "loc": {
          "start": { "line": 24, "column": 17 },
          "end": { "line": 40, "column": 4 }
        },
        "line": 24
      },
      "3": {
        "name": "onClick",
        "decl": {
          "start": { "line": 48, "column": 17 },
          "end": { "line": 48, "column": 37 }
        },
        "loc": {
          "start": { "line": 48, "column": 17 },
          "end": { "line": 48, "column": 37 }
        },
        "line": 48
      },
      "4": {
        "name": "onClick",
        "decl": {
          "start": { "line": 65, "column": 23 },
          "end": { "line": 65, "column": 54 }
        },
        "loc": {
          "start": { "line": 65, "column": 23 },
          "end": { "line": 65, "column": 54 }
        },
        "line": 65
      },
      "5": {
        "name": "onClick",
        "decl": {
          "start": { "line": 71, "column": 23 },
          "end": { "line": 71, "column": 51 }
        },
        "loc": {
          "start": { "line": 71, "column": 23 },
          "end": { "line": 71, "column": 51 }
        },
        "line": 71
      },
      "6": {
        "name": "onClick",
        "decl": {
          "start": { "line": 77, "column": 23 },
          "end": { "line": 77, "column": 54 }
        },
        "loc": {
          "start": { "line": 77, "column": 23 },
          "end": { "line": 77, "column": 54 }
        },
        "line": 77
      },
      "7": {
        "name": "onClick",
        "decl": {
          "start": { "line": 83, "column": 23 },
          "end": { "line": 83, "column": 50 }
        },
        "loc": {
          "start": { "line": 83, "column": 23 },
          "end": { "line": 83, "column": 50 }
        },
        "line": 83
      },
      "8": {
        "name": "onClick",
        "decl": {
          "start": { "line": 98, "column": 21 },
          "end": { "line": 98, "column": 46 }
        },
        "loc": {
          "start": { "line": 98, "column": 21 },
          "end": { "line": 98, "column": 46 }
        },
        "line": 98
      },
      "9": {
        "name": "onClick",
        "decl": {
          "start": { "line": 109, "column": 19 },
          "end": { "line": 109, "column": 48 }
        },
        "loc": {
          "start": { "line": 109, "column": 19 },
          "end": { "line": 109, "column": 48 }
        },
        "line": 109
      },
      "10": {
        "name": "onClick",
        "decl": {
          "start": { "line": 120, "column": 27 },
          "end": { "line": 123, "column": 20 }
        },
        "loc": {
          "start": { "line": 120, "column": 27 },
          "end": { "line": 123, "column": 20 }
        },
        "line": 120
      },
      "11": {
        "name": "onClick",
        "decl": {
          "start": { "line": 129, "column": 27 },
          "end": { "line": 132, "column": 20 }
        },
        "loc": {
          "start": { "line": 129, "column": 27 },
          "end": { "line": 132, "column": 20 }
        },
        "line": 129
      },
      "12": {
        "name": "onClick",
        "decl": {
          "start": { "line": 138, "column": 27 },
          "end": { "line": 141, "column": 20 }
        },
        "loc": {
          "start": { "line": 138, "column": 27 },
          "end": { "line": 141, "column": 20 }
        },
        "line": 138
      },
      "13": {
        "name": "onClick",
        "decl": {
          "start": { "line": 147, "column": 27 },
          "end": { "line": 150, "column": 20 }
        },
        "loc": {
          "start": { "line": 147, "column": 27 },
          "end": { "line": 150, "column": 20 }
        },
        "line": 147
      },
      "14": {
        "name": "onClick",
        "decl": {
          "start": { "line": 156, "column": 27 },
          "end": { "line": 159, "column": 20 }
        },
        "loc": {
          "start": { "line": 156, "column": 27 },
          "end": { "line": 159, "column": 20 }
        },
        "line": 156
      },
      "15": {
        "name": "onClick",
        "decl": {
          "start": { "line": 168, "column": 25 },
          "end": { "line": 171, "column": 18 }
        },
        "loc": {
          "start": { "line": 168, "column": 25 },
          "end": { "line": 171, "column": 18 }
        },
        "line": 168
      }
    },
    "f": {
      "0": 143,
      "1": 20,
      "2": 0,
      "3": 1,
      "4": 1,
      "5": 0,
      "6": 0,
      "7": 1,
      "8": 0,
      "9": 0,
      "10": 0,
      "11": 0,
      "12": 0,
      "13": 0,
      "14": 0,
      "15": 0
    }
  },
  "C:\\Users\\jesus\\Desktop\\proyectos\\BookHub\\frontend\\src\\pages\\BookDetails.jsx": {
    "path": "C:\\Users\\jesus\\Desktop\\proyectos\\BookHub\\frontend\\src\\pages\\BookDetails.jsx",
    "all": false,
    "statementMap": {
      "0": {
        "start": { "line": 1, "column": 0 },
        "end": { "line": 1, "column": 58 }
      },
      "1": {
        "start": { "line": 2, "column": 0 },
        "end": { "line": 2, "column": 51 }
      },
      "2": {
        "start": { "line": 3, "column": 0 },
        "end": { "line": 3, "column": 42 }
      },
      "3": {
        "start": { "line": 4, "column": 0 },
        "end": { "line": 4, "column": 31 }
      },
      "4": {
        "start": { "line": 5, "column": 0 },
        "end": { "line": 5, "column": 26 }
      },
      "6": {
        "start": { "line": 7, "column": 0 },
        "end": { "line": 7, "column": 27 }
      },
      "7": {
        "start": { "line": 8, "column": 0 },
        "end": { "line": 8, "column": 29 }
      },
      "8": {
        "start": { "line": 9, "column": 0 },
        "end": { "line": 9, "column": 39 }
      },
      "9": {
        "start": { "line": 10, "column": 0 },
        "end": { "line": 10, "column": 55 }
      },
      "10": {
        "start": { "line": 11, "column": 0 },
        "end": { "line": 11, "column": 44 }
      },
      "11": {
        "start": { "line": 12, "column": 0 },
        "end": { "line": 12, "column": 33 }
      },
      "13": {
        "start": { "line": 14, "column": 0 },
        "end": { "line": 14, "column": 19 }
      },
      "14": {
        "start": { "line": 15, "column": 0 },
        "end": { "line": 15, "column": 35 }
      },
      "15": {
        "start": { "line": 16, "column": 0 },
        "end": { "line": 16, "column": 11 }
      },
      "16": {
        "start": { "line": 17, "column": 0 },
        "end": { "line": 17, "column": 83 }
      },
      "17": {
        "start": { "line": 18, "column": 0 },
        "end": { "line": 18, "column": 24 }
      },
      "18": {
        "start": { "line": 19, "column": 0 },
        "end": { "line": 19, "column": 20 }
      },
      "19": {
        "start": { "line": 20, "column": 0 },
        "end": { "line": 20, "column": 47 }
      },
      "20": {
        "start": { "line": 21, "column": 0 },
        "end": { "line": 21, "column": 12 }
      },
      "21": {
        "start": { "line": 22, "column": 0 },
        "end": { "line": 22, "column": 33 }
      },
      "22": {
        "start": { "line": 23, "column": 0 },
        "end": { "line": 23, "column": 11 }
      },
      "24": {
        "start": { "line": 25, "column": 0 },
        "end": { "line": 25, "column": 26 }
      },
      "25": {
        "start": { "line": 26, "column": 0 },
        "end": { "line": 26, "column": 45 }
      },
      "26": {
        "start": { "line": 27, "column": 0 },
        "end": { "line": 27, "column": 24 }
      },
      "27": {
        "start": { "line": 28, "column": 0 },
        "end": { "line": 28, "column": 16 }
      },
      "28": {
        "start": { "line": 29, "column": 0 },
        "end": { "line": 29, "column": 75 }
      },
      "29": {
        "start": { "line": 30, "column": 0 },
        "end": { "line": 30, "column": 9 }
      },
      "31": {
        "start": { "line": 32, "column": 0 },
        "end": { "line": 32, "column": 79 }
      },
      "32": {
        "start": { "line": 33, "column": 0 },
        "end": { "line": 33, "column": 33 }
      },
      "33": {
        "start": { "line": 34, "column": 0 },
        "end": { "line": 34, "column": 11 }
      },
      "35": {
        "start": { "line": 36, "column": 0 },
        "end": { "line": 36, "column": 25 }
      },
      "36": {
        "start": { "line": 37, "column": 0 },
        "end": { "line": 37, "column": 48 }
      },
      "37": {
        "start": { "line": 38, "column": 0 },
        "end": { "line": 38, "column": 35 }
      },
      "39": {
        "start": { "line": 40, "column": 0 },
        "end": { "line": 40, "column": 51 }
      },
      "40": {
        "start": { "line": 41, "column": 0 },
        "end": { "line": 41, "column": 27 }
      },
      "41": {
        "start": { "line": 42, "column": 0 },
        "end": { "line": 42, "column": 11 }
      },
      "42": {
        "start": { "line": 43, "column": 0 },
        "end": { "line": 43, "column": 9 }
      },
      "44": {
        "start": { "line": 45, "column": 0 },
        "end": { "line": 45, "column": 23 }
      },
      "45": {
        "start": { "line": 46, "column": 0 },
        "end": { "line": 46, "column": 72 }
      },
      "46": {
        "start": { "line": 47, "column": 0 },
        "end": { "line": 47, "column": 7 }
      },
      "47": {
        "start": { "line": 48, "column": 0 },
        "end": { "line": 48, "column": 6 }
      },
      "49": {
        "start": { "line": 50, "column": 0 },
        "end": { "line": 50, "column": 16 }
      },
      "50": {
        "start": { "line": 51, "column": 0 },
        "end": { "line": 51, "column": 11 }
      },
      "52": {
        "start": { "line": 53, "column": 0 },
        "end": { "line": 53, "column": 34 }
      },
      "53": {
        "start": { "line": 54, "column": 0 },
        "end": { "line": 54, "column": 9 }
      },
      "54": {
        "start": { "line": 55, "column": 0 },
        "end": { "line": 55, "column": 47 }
      },
      "55": {
        "start": { "line": 56, "column": 0 },
        "end": { "line": 56, "column": 113 }
      },
      "56": {
        "start": { "line": 57, "column": 0 },
        "end": { "line": 57, "column": 15 }
      },
      "57": {
        "start": { "line": 58, "column": 0 },
        "end": { "line": 58, "column": 31 }
      },
      "58": {
        "start": { "line": 59, "column": 0 },
        "end": { "line": 59, "column": 9 }
      },
      "60": {
        "start": { "line": 61, "column": 0 },
        "end": { "line": 61, "column": 24 }
      },
      "61": {
        "start": { "line": 62, "column": 0 },
        "end": { "line": 62, "column": 25 }
      },
      "62": {
        "start": { "line": 63, "column": 0 },
        "end": { "line": 63, "column": 14 }
      },
      "63": {
        "start": { "line": 64, "column": 0 },
        "end": { "line": 64, "column": 70 }
      },
      "64": {
        "start": { "line": 65, "column": 0 },
        "end": { "line": 65, "column": 7 }
      },
      "65": {
        "start": { "line": 66, "column": 0 },
        "end": { "line": 66, "column": 21 }
      },
      "66": {
        "start": { "line": 67, "column": 0 },
        "end": { "line": 67, "column": 68 }
      },
      "67": {
        "start": { "line": 68, "column": 0 },
        "end": { "line": 68, "column": 67 }
      },
      "68": {
        "start": { "line": 69, "column": 0 },
        "end": { "line": 69, "column": 5 }
      },
      "69": {
        "start": { "line": 70, "column": 0 },
        "end": { "line": 70, "column": 4 }
      },
      "71": {
        "start": { "line": 72, "column": 0 },
        "end": { "line": 72, "column": 36 }
      },
      "72": {
        "start": { "line": 73, "column": 0 },
        "end": { "line": 73, "column": 36 }
      },
      "73": {
        "start": { "line": 74, "column": 0 },
        "end": { "line": 74, "column": 30 }
      },
      "74": {
        "start": { "line": 75, "column": 0 },
        "end": { "line": 75, "column": 62 }
      },
      "75": {
        "start": { "line": 76, "column": 0 },
        "end": { "line": 76, "column": 22 }
      },
      "76": {
        "start": { "line": 77, "column": 0 },
        "end": { "line": 77, "column": 29 }
      },
      "77": {
        "start": { "line": 78, "column": 0 },
        "end": { "line": 78, "column": 33 }
      },
      "78": {
        "start": { "line": 79, "column": 0 },
        "end": { "line": 79, "column": 35 }
      },
      "79": {
        "start": { "line": 80, "column": 0 },
        "end": { "line": 80, "column": 40 }
      },
      "80": {
        "start": { "line": 81, "column": 0 },
        "end": { "line": 81, "column": 35 }
      },
      "81": {
        "start": { "line": 82, "column": 0 },
        "end": { "line": 82, "column": 7 }
      },
      "83": {
        "start": { "line": 84, "column": 0 },
        "end": { "line": 84, "column": 29 }
      },
      "84": {
        "start": { "line": 85, "column": 0 },
        "end": { "line": 85, "column": 11 }
      },
      "85": {
        "start": { "line": 86, "column": 0 },
        "end": { "line": 86, "column": 78 }
      },
      "86": {
        "start": { "line": 87, "column": 0 },
        "end": { "line": 87, "column": 27 }
      },
      "87": {
        "start": { "line": 88, "column": 0 },
        "end": { "line": 88, "column": 33 }
      },
      "88": {
        "start": { "line": 89, "column": 0 },
        "end": { "line": 89, "column": 11 }
      },
      "90": {
        "start": { "line": 91, "column": 0 },
        "end": { "line": 91, "column": 21 }
      },
      "91": {
        "start": { "line": 92, "column": 0 },
        "end": { "line": 92, "column": 27 }
      },
      "92": {
        "start": { "line": 93, "column": 0 },
        "end": { "line": 93, "column": 28 }
      },
      "93": {
        "start": { "line": 94, "column": 0 },
        "end": { "line": 94, "column": 37 }
      },
      "94": {
        "start": { "line": 95, "column": 0 },
        "end": { "line": 95, "column": 60 }
      },
      "95": {
        "start": { "line": 96, "column": 0 },
        "end": { "line": 96, "column": 24 }
      },
      "96": {
        "start": { "line": 97, "column": 0 },
        "end": { "line": 97, "column": 37 }
      },
      "97": {
        "start": { "line": 98, "column": 0 },
        "end": { "line": 98, "column": 13 }
      },
      "99": {
        "start": { "line": 100, "column": 0 },
        "end": { "line": 100, "column": 28 }
      },
      "100": {
        "start": { "line": 101, "column": 0 },
        "end": { "line": 101, "column": 26 }
      },
      "101": {
        "start": { "line": 102, "column": 0 },
        "end": { "line": 102, "column": 18 }
      },
      "102": {
        "start": { "line": 103, "column": 0 },
        "end": { "line": 103, "column": 16 }
      },
      "103": {
        "start": { "line": 104, "column": 0 },
        "end": { "line": 104, "column": 71 }
      },
      "104": {
        "start": { "line": 105, "column": 0 },
        "end": { "line": 105, "column": 9 }
      },
      "105": {
        "start": { "line": 106, "column": 0 },
        "end": { "line": 106, "column": 21 }
      },
      "106": {
        "start": { "line": 107, "column": 0 },
        "end": { "line": 107, "column": 57 }
      },
      "107": {
        "start": { "line": 108, "column": 0 },
        "end": { "line": 108, "column": 78 }
      },
      "108": {
        "start": { "line": 109, "column": 0 },
        "end": { "line": 109, "column": 7 }
      },
      "109": {
        "start": { "line": 110, "column": 0 },
        "end": { "line": 110, "column": 5 }
      },
      "110": {
        "start": { "line": 111, "column": 0 },
        "end": { "line": 111, "column": 4 }
      },
      "112": {
        "start": { "line": 113, "column": 0 },
        "end": { "line": 113, "column": 28 }
      },
      "113": {
        "start": { "line": 114, "column": 0 },
        "end": { "line": 114, "column": 50 }
      },
      "114": {
        "start": { "line": 115, "column": 0 },
        "end": { "line": 115, "column": 30 }
      },
      "115": {
        "start": { "line": 116, "column": 0 },
        "end": { "line": 116, "column": 17 }
      },
      "116": {
        "start": { "line": 117, "column": 0 },
        "end": { "line": 117, "column": 32 }
      },
      "117": {
        "start": { "line": 118, "column": 0 },
        "end": { "line": 118, "column": 15 }
      },
      "126": {
        "start": { "line": 127, "column": 0 },
        "end": { "line": 127, "column": 10 }
      },
      "127": {
        "start": { "line": 128, "column": 0 },
        "end": { "line": 128, "column": 21 }
      },
      "128": {
        "start": { "line": 129, "column": 0 },
        "end": { "line": 129, "column": 22 }
      },
      "129": {
        "start": { "line": 130, "column": 0 },
        "end": { "line": 130, "column": 23 }
      },
      "130": {
        "start": { "line": 131, "column": 0 },
        "end": { "line": 131, "column": 10 }
      },
      "131": {
        "start": { "line": 132, "column": 0 },
        "end": { "line": 132, "column": 33 }
      },
      "132": {
        "start": { "line": 133, "column": 0 },
        "end": { "line": 133, "column": 30 }
      },
      "133": {
        "start": { "line": 134, "column": 0 },
        "end": { "line": 134, "column": 24 }
      },
      "134": {
        "start": { "line": 135, "column": 0 },
        "end": { "line": 135, "column": 47 }
      },
      "135": {
        "start": { "line": 136, "column": 0 },
        "end": { "line": 136, "column": 66 }
      },
      "136": {
        "start": { "line": 137, "column": 0 },
        "end": { "line": 137, "column": 26 }
      },
      "137": {
        "start": { "line": 138, "column": 0 },
        "end": { "line": 138, "column": 27 }
      },
      "138": {
        "start": { "line": 139, "column": 0 },
        "end": { "line": 139, "column": 13 }
      },
      "140": {
        "start": { "line": 141, "column": 0 },
        "end": { "line": 141, "column": 30 }
      },
      "142": {
        "start": { "line": 143, "column": 0 },
        "end": { "line": 143, "column": 31 }
      },
      "143": {
        "start": { "line": 144, "column": 0 },
        "end": { "line": 144, "column": 81 }
      },
      "144": {
        "start": { "line": 145, "column": 0 },
        "end": { "line": 145, "column": 29 }
      },
      "145": {
        "start": { "line": 146, "column": 0 },
        "end": { "line": 146, "column": 13 }
      },
      "147": {
        "start": { "line": 148, "column": 0 },
        "end": { "line": 148, "column": 81 }
      },
      "148": {
        "start": { "line": 149, "column": 0 },
        "end": { "line": 149, "column": 29 }
      },
      "149": {
        "start": { "line": 150, "column": 0 },
        "end": { "line": 150, "column": 13 }
      },
      "151": {
        "start": { "line": 152, "column": 0 },
        "end": { "line": 152, "column": 21 }
      },
      "152": {
        "start": { "line": 153, "column": 0 },
        "end": { "line": 153, "column": 41 }
      },
      "153": {
        "start": { "line": 154, "column": 0 },
        "end": { "line": 154, "column": 62 }
      },
      "154": {
        "start": { "line": 155, "column": 0 },
        "end": { "line": 155, "column": 55 }
      },
      "155": {
        "start": { "line": 156, "column": 0 },
        "end": { "line": 156, "column": 93 }
      },
      "156": {
        "start": { "line": 157, "column": 0 },
        "end": { "line": 157, "column": 75 }
      },
      "157": {
        "start": { "line": 158, "column": 0 },
        "end": { "line": 158, "column": 76 }
      },
      "158": {
        "start": { "line": 159, "column": 0 },
        "end": { "line": 159, "column": 80 }
      },
      "159": {
        "start": { "line": 160, "column": 0 },
        "end": { "line": 160, "column": 17 }
      },
      "160": {
        "start": { "line": 161, "column": 0 },
        "end": { "line": 161, "column": 15 }
      },
      "161": {
        "start": { "line": 162, "column": 0 },
        "end": { "line": 162, "column": 13 }
      },
      "162": {
        "start": { "line": 163, "column": 0 },
        "end": { "line": 163, "column": 9 }
      },
      "163": {
        "start": { "line": 164, "column": 0 },
        "end": { "line": 164, "column": 9 }
      },
      "164": {
        "start": { "line": 165, "column": 0 },
        "end": { "line": 165, "column": 36 }
      },
      "165": {
        "start": { "line": 166, "column": 0 },
        "end": { "line": 166, "column": 39 }
      },
      "166": {
        "start": { "line": 167, "column": 0 },
        "end": { "line": 167, "column": 12 }
      },
      "167": {
        "start": { "line": 168, "column": 0 },
        "end": { "line": 168, "column": 81 }
      },
      "168": {
        "start": { "line": 169, "column": 0 },
        "end": { "line": 169, "column": 5 }
      },
      "169": {
        "start": { "line": 170, "column": 0 },
        "end": { "line": 170, "column": 4 }
      },
      "171": {
        "start": { "line": 172, "column": 0 },
        "end": { "line": 172, "column": 10 }
      },
      "172": {
        "start": { "line": 173, "column": 0 },
        "end": { "line": 173, "column": 6 }
      },
      "173": {
        "start": { "line": 174, "column": 0 },
        "end": { "line": 174, "column": 16 }
      },
      "174": {
        "start": { "line": 175, "column": 0 },
        "end": { "line": 175, "column": 60 }
      },
      "175": {
        "start": { "line": 176, "column": 0 },
        "end": { "line": 176, "column": 98 }
      },
      "176": {
        "start": { "line": 177, "column": 0 },
        "end": { "line": 177, "column": 66 }
      },
      "177": {
        "start": { "line": 178, "column": 0 },
        "end": { "line": 178, "column": 16 }
      },
      "178": {
        "start": { "line": 179, "column": 0 },
        "end": { "line": 179, "column": 35 }
      },
      "179": {
        "start": { "line": 180, "column": 0 },
        "end": { "line": 180, "column": 31 }
      },
      "180": {
        "start": { "line": 181, "column": 0 },
        "end": { "line": 181, "column": 97 }
      },
      "184": {
        "start": { "line": 185, "column": 0 },
        "end": { "line": 185, "column": 100 }
      },
      "185": {
        "start": { "line": 186, "column": 0 },
        "end": { "line": 186, "column": 100 }
      },
      "186": {
        "start": { "line": 187, "column": 0 },
        "end": { "line": 187, "column": 76 }
      },
      "187": {
        "start": { "line": 188, "column": 0 },
        "end": { "line": 188, "column": 69 }
      },
      "188": {
        "start": { "line": 189, "column": 0 },
        "end": { "line": 189, "column": 85 }
      },
      "190": {
        "start": { "line": 191, "column": 0 },
        "end": { "line": 191, "column": 33 }
      },
      "191": {
        "start": { "line": 192, "column": 0 },
        "end": { "line": 192, "column": 100 }
      },
      "192": {
        "start": { "line": 193, "column": 0 },
        "end": { "line": 193, "column": 30 }
      },
      "193": {
        "start": { "line": 194, "column": 0 },
        "end": { "line": 194, "column": 187 }
      },
      "194": {
        "start": { "line": 195, "column": 0 },
        "end": { "line": 195, "column": 78 }
      },
      "201": {
        "start": { "line": 202, "column": 0 },
        "end": { "line": 202, "column": 215 }
      },
      "202": {
        "start": { "line": 203, "column": 0 },
        "end": { "line": 203, "column": 58 }
      },
      "215": {
        "start": { "line": 216, "column": 0 },
        "end": { "line": 216, "column": 70 }
      },
      "216": {
        "start": { "line": 217, "column": 0 },
        "end": { "line": 217, "column": 108 }
      },
      "217": {
        "start": { "line": 218, "column": 0 },
        "end": { "line": 218, "column": 109 }
      },
      "218": {
        "start": { "line": 219, "column": 0 },
        "end": { "line": 219, "column": 36 }
      },
      "223": {
        "start": { "line": 224, "column": 0 },
        "end": { "line": 224, "column": 75 }
      },
      "224": {
        "start": { "line": 225, "column": 0 },
        "end": { "line": 225, "column": 21 }
      },
      "225": {
        "start": { "line": 226, "column": 0 },
        "end": { "line": 226, "column": 38 }
      },
      "226": {
        "start": { "line": 227, "column": 0 },
        "end": { "line": 227, "column": 23 }
      },
      "227": {
        "start": { "line": 228, "column": 0 },
        "end": { "line": 228, "column": 60 }
      },
      "228": {
        "start": { "line": 229, "column": 0 },
        "end": { "line": 229, "column": 55 }
      },
      "229": {
        "start": { "line": 230, "column": 0 },
        "end": { "line": 230, "column": 94 }
      },
      "230": {
        "start": { "line": 231, "column": 0 },
        "end": { "line": 231, "column": 99 }
      },
      "232": {
        "start": { "line": 233, "column": 0 },
        "end": { "line": 233, "column": 61 }
      },
      "233": {
        "start": { "line": 234, "column": 0 },
        "end": { "line": 234, "column": 65 }
      },
      "234": {
        "start": { "line": 235, "column": 0 },
        "end": { "line": 235, "column": 45 }
      },
      "235": {
        "start": { "line": 236, "column": 0 },
        "end": { "line": 236, "column": 52 }
      },
      "236": {
        "start": { "line": 237, "column": 0 },
        "end": { "line": 237, "column": 33 }
      },
      "237": {
        "start": { "line": 238, "column": 0 },
        "end": { "line": 238, "column": 34 }
      },
      "238": {
        "start": { "line": 239, "column": 0 },
        "end": { "line": 239, "column": 35 }
      },
      "239": {
        "start": { "line": 240, "column": 0 },
        "end": { "line": 240, "column": 85 }
      },
      "240": {
        "start": { "line": 241, "column": 0 },
        "end": { "line": 241, "column": 19 }
      },
      "241": {
        "start": { "line": 242, "column": 0 },
        "end": { "line": 242, "column": 18 }
      },
      "242": {
        "start": { "line": 243, "column": 0 },
        "end": { "line": 243, "column": 118 }
      },
      "243": {
        "start": { "line": 244, "column": 0 },
        "end": { "line": 244, "column": 15 }
      },
      "247": {
        "start": { "line": 248, "column": 0 },
        "end": { "line": 248, "column": 21 }
      },
      "248": {
        "start": { "line": 249, "column": 0 },
        "end": { "line": 249, "column": 36 }
      },
      "249": {
        "start": { "line": 250, "column": 0 },
        "end": { "line": 250, "column": 121 }
      },
      "250": {
        "start": { "line": 251, "column": 0 },
        "end": { "line": 251, "column": 15 }
      },
      "254": {
        "start": { "line": 255, "column": 0 },
        "end": { "line": 255, "column": 66 }
      },
      "255": {
        "start": { "line": 256, "column": 0 },
        "end": { "line": 256, "column": 23 }
      },
      "256": {
        "start": { "line": 257, "column": 0 },
        "end": { "line": 257, "column": 40 }
      },
      "257": {
        "start": { "line": 258, "column": 0 },
        "end": { "line": 258, "column": 121 }
      },
      "258": {
        "start": { "line": 259, "column": 0 },
        "end": { "line": 259, "column": 17 }
      },
      "268": {
        "start": { "line": 269, "column": 0 },
        "end": { "line": 269, "column": 2 }
      },
      "270": {
        "start": { "line": 271, "column": 0 },
        "end": { "line": 271, "column": 27 }
      }
    },
    "s": {
      "0": 1,
      "1": 1,
      "2": 1,
      "3": 1,
      "4": 1,
      "6": 1,
      "7": 8,
      "8": 8,
      "9": 8,
      "10": 8,
      "11": 8,
      "13": 8,
      "14": 4,
      "15": 4,
      "16": 4,
      "17": 4,
      "18": 4,
      "19": 4,
      "20": 4,
      "21": 4,
      "22": 4,
      "24": 4,
      "25": 4,
      "26": 4,
      "27": 4,
      "28": 0,
      "29": 0,
      "31": 4,
      "32": 4,
      "33": 4,
      "35": 4,
      "36": 4,
      "37": 4,
      "39": 4,
      "40": 0,
      "41": 0,
      "42": 4,
      "44": 4,
      "45": 0,
      "46": 0,
      "47": 4,
      "49": 4,
      "50": 8,
      "52": 8,
      "53": 0,
      "54": 0,
      "55": 0,
      "56": 0,
      "57": 0,
      "58": 0,
      "60": 0,
      "61": 0,
      "62": 0,
      "63": 0,
      "64": 0,
      "65": 0,
      "66": 0,
      "67": 0,
      "68": 0,
      "69": 0,
      "71": 8,
      "72": 0,
      "73": 0,
      "74": 0,
      "75": 0,
      "76": 0,
      "77": 0,
      "78": 0,
      "79": 0,
      "80": 0,
      "81": 0,
      "83": 0,
      "84": 0,
      "85": 0,
      "86": 0,
      "87": 0,
      "88": 0,
      "90": 0,
      "91": 0,
      "92": 0,
      "93": 0,
      "94": 0,
      "95": 0,
      "96": 0,
      "97": 0,
      "99": 0,
      "100": 0,
      "101": 0,
      "102": 0,
      "103": 0,
      "104": 0,
      "105": 0,
      "106": 0,
      "107": 0,
      "108": 0,
      "109": 0,
      "110": 0,
      "112": 8,
      "113": 0,
      "114": 0,
      "115": 0,
      "116": 0,
      "117": 0,
      "126": 0,
      "127": 0,
      "128": 0,
      "129": 0,
      "130": 0,
      "131": 0,
      "132": 0,
      "133": 0,
      "134": 0,
      "135": 0,
      "136": 0,
      "137": 0,
      "138": 0,
      "140": 0,
      "142": 0,
      "143": 0,
      "144": 0,
      "145": 0,
      "147": 0,
      "148": 0,
      "149": 0,
      "151": 0,
      "152": 0,
      "153": 0,
      "154": 0,
      "155": 0,
      "156": 0,
      "157": 0,
      "158": 0,
      "159": 0,
      "160": 0,
      "161": 0,
      "162": 0,
      "163": 0,
      "164": 0,
      "165": 0,
      "166": 0,
      "167": 0,
      "168": 0,
      "169": 0,
      "171": 8,
      "172": 8,
      "173": 8,
      "174": 8,
      "175": 8,
      "176": 8,
      "177": 8,
      "178": 8,
      "179": 8,
      "180": 8,
      "184": 8,
      "185": 8,
      "186": 8,
      "187": 8,
      "188": 8,
      "190": 8,
      "191": 8,
      "192": 8,
      "193": 0,
      "194": 0,
      "201": 8,
      "202": 8,
      "215": 8,
      "216": 8,
      "217": 8,
      "218": 8,
      "223": 8,
      "224": 8,
      "225": 8,
      "226": 0,
      "227": 0,
      "228": 0,
      "229": 0,
      "230": 0,
      "232": 0,
      "233": 0,
      "234": 0,
      "235": 0,
      "236": 0,
      "237": 0,
      "238": 0,
      "239": 0,
      "240": 0,
      "241": 0,
      "242": 8,
      "243": 8,
      "247": 8,
      "248": 8,
      "249": 8,
      "250": 8,
      "254": 8,
      "255": 8,
      "256": 8,
      "257": 8,
      "258": 8,
      "268": 8,
      "270": 1
    },
    "branchMap": {
      "0": {
        "type": "branch",
        "line": 7,
        "loc": {
          "start": { "line": 7, "column": 20 },
          "end": { "line": 269, "column": 2 }
        },
        "locations": [
          {
            "start": { "line": 7, "column": 20 },
            "end": { "line": 269, "column": 2 }
          }
        ]
      },
      "1": {
        "type": "branch",
        "line": 193,
        "loc": {
          "start": { "line": 193, "column": 21 },
          "end": { "line": 202, "column": 23 }
        },
        "locations": [
          {
            "start": { "line": 193, "column": 21 },
            "end": { "line": 202, "column": 23 }
          }
        ]
      },
      "2": {
        "type": "branch",
        "line": 255,
        "loc": {
          "start": { "line": 255, "column": 15 },
          "end": { "line": 255, "column": 61 }
        },
        "locations": [
          {
            "start": { "line": 255, "column": 15 },
            "end": { "line": 255, "column": 61 }
          }
        ]
      },
      "3": {
        "type": "branch",
        "line": 14,
        "loc": {
          "start": { "line": 14, "column": 12 },
          "end": { "line": 51, "column": 5 }
        },
        "locations": [
          {
            "start": { "line": 14, "column": 12 },
            "end": { "line": 51, "column": 5 }
          }
        ]
      },
      "4": {
        "type": "branch",
        "line": 15,
        "loc": {
          "start": { "line": 15, "column": 22 },
          "end": { "line": 48, "column": 6 }
        },
        "locations": [
          {
            "start": { "line": 15, "column": 22 },
            "end": { "line": 48, "column": 6 }
          }
        ]
      },
      "5": {
        "type": "branch",
        "line": 28,
        "loc": {
          "start": { "line": 28, "column": 8 },
          "end": { "line": 30, "column": 9 }
        },
        "locations": [
          {
            "start": { "line": 28, "column": 8 },
            "end": { "line": 30, "column": 9 }
          }
        ]
      },
      "6": {
        "type": "branch",
        "line": 40,
        "loc": {
          "start": { "line": 40, "column": 24 },
          "end": { "line": 40, "column": 45 }
        },
        "locations": [
          {
            "start": { "line": 40, "column": 24 },
            "end": { "line": 40, "column": 45 }
          }
        ]
      },
      "7": {
        "type": "branch",
        "line": 40,
        "loc": {
          "start": { "line": 40, "column": 50 },
          "end": { "line": 42, "column": 11 }
        },
        "locations": [
          {
            "start": { "line": 40, "column": 50 },
            "end": { "line": 42, "column": 11 }
          }
        ]
      },
      "8": {
        "type": "branch",
        "line": 45,
        "loc": {
          "start": { "line": 45, "column": 8 },
          "end": { "line": 47, "column": 7 }
        },
        "locations": [
          {
            "start": { "line": 45, "column": 8 },
            "end": { "line": 47, "column": 7 }
          }
        ]
      }
    },
    "b": {
      "0": [8],
      "1": [0],
      "2": [4],
      "3": [4],
      "4": [4],
      "5": [0],
      "6": [0],
      "7": [0],
      "8": [0]
    },
    "fnMap": {
      "0": {
        "name": "BookDetails",
        "decl": {
          "start": { "line": 7, "column": 20 },
          "end": { "line": 269, "column": 2 }
        },
        "loc": {
          "start": { "line": 7, "column": 20 },
          "end": { "line": 269, "column": 2 }
        },
        "line": 7
      },
      "1": {
        "name": "fetchData",
        "decl": {
          "start": { "line": 15, "column": 22 },
          "end": { "line": 48, "column": 6 }
        },
        "loc": {
          "start": { "line": 15, "column": 22 },
          "end": { "line": 48, "column": 6 }
        },
        "line": 15
      },
      "2": {
        "name": "toggleLike",
        "decl": {
          "start": { "line": 53, "column": 21 },
          "end": { "line": 70, "column": 4 }
        },
        "loc": {
          "start": { "line": 53, "column": 21 },
          "end": { "line": 70, "column": 4 }
        },
        "line": 53
      },
      "3": {
        "name": "handleDelete",
        "decl": {
          "start": { "line": 72, "column": 23 },
          "end": { "line": 111, "column": 4 }
        },
        "loc": {
          "start": { "line": 72, "column": 23 },
          "end": { "line": 111, "column": 4 }
        },
        "line": 72
      },
      "4": {
        "name": "handleRead",
        "decl": {
          "start": { "line": 113, "column": 21 },
          "end": { "line": 170, "column": 4 }
        },
        "loc": {
          "start": { "line": 113, "column": 21 },
          "end": { "line": 170, "column": 4 }
        },
        "line": 113
      },
      "5": {
        "name": "onClick",
        "decl": {
          "start": { "line": 226, "column": 25 },
          "end": { "line": 242, "column": 18 }
        },
        "loc": {
          "start": { "line": 226, "column": 25 },
          "end": { "line": 242, "column": 18 }
        },
        "line": 226
      }
    },
    "f": { "0": 8, "1": 4, "2": 0, "3": 0, "4": 0, "5": 0 }
  },
  "C:\\Users\\jesus\\Desktop\\proyectos\\BookHub\\frontend\\src\\pages\\BookUpload.jsx": {
    "path": "C:\\Users\\jesus\\Desktop\\proyectos\\BookHub\\frontend\\src\\pages\\BookUpload.jsx",
    "all": false,
    "statementMap": {
      "0": {
        "start": { "line": 1, "column": 0 },
        "end": { "line": 1, "column": 40 }
      },
      "1": {
        "start": { "line": 2, "column": 0 },
        "end": { "line": 2, "column": 42 }
      },
      "3": {
        "start": { "line": 4, "column": 0 },
        "end": { "line": 4, "column": 48 }
      },
      "4": {
        "start": { "line": 5, "column": 0 },
        "end": { "line": 5, "column": 47 }
      },
      "6": {
        "start": { "line": 7, "column": 0 },
        "end": { "line": 7, "column": 26 }
      },
      "7": {
        "start": { "line": 8, "column": 0 },
        "end": { "line": 8, "column": 44 }
      },
      "8": {
        "start": { "line": 9, "column": 0 },
        "end": { "line": 9, "column": 14 }
      },
      "9": {
        "start": { "line": 10, "column": 0 },
        "end": { "line": 10, "column": 15 }
      },
      "10": {
        "start": { "line": 11, "column": 0 },
        "end": { "line": 11, "column": 14 }
      },
      "11": {
        "start": { "line": 12, "column": 0 },
        "end": { "line": 12, "column": 21 }
      },
      "12": {
        "start": { "line": 13, "column": 0 },
        "end": { "line": 13, "column": 20 }
      },
      "13": {
        "start": { "line": 14, "column": 0 },
        "end": { "line": 14, "column": 15 }
      },
      "14": {
        "start": { "line": 15, "column": 0 },
        "end": { "line": 15, "column": 5 }
      },
      "16": {
        "start": { "line": 17, "column": 0 },
        "end": { "line": 17, "column": 59 }
      },
      "17": {
        "start": { "line": 18, "column": 0 },
        "end": { "line": 18, "column": 56 }
      },
      "18": {
        "start": { "line": 19, "column": 0 },
        "end": { "line": 19, "column": 71 }
      },
      "20": {
        "start": { "line": 21, "column": 0 },
        "end": { "line": 21, "column": 31 }
      },
      "21": {
        "start": { "line": 22, "column": 0 },
        "end": { "line": 22, "column": 50 }
      },
      "23": {
        "start": { "line": 24, "column": 0 },
        "end": { "line": 24, "column": 26 }
      },
      "24": {
        "start": { "line": 25, "column": 0 },
        "end": { "line": 25, "column": 28 }
      },
      "25": {
        "start": { "line": 26, "column": 0 },
        "end": { "line": 26, "column": 24 }
      },
      "27": {
        "start": { "line": 28, "column": 0 },
        "end": { "line": 28, "column": 57 }
      },
      "28": {
        "start": { "line": 29, "column": 0 },
        "end": { "line": 29, "column": 70 }
      },
      "29": {
        "start": { "line": 30, "column": 0 },
        "end": { "line": 30, "column": 15 }
      },
      "30": {
        "start": { "line": 31, "column": 0 },
        "end": { "line": 31, "column": 7 }
      },
      "32": {
        "start": { "line": 33, "column": 0 },
        "end": { "line": 33, "column": 64 }
      },
      "33": {
        "start": { "line": 34, "column": 0 },
        "end": { "line": 34, "column": 70 }
      },
      "34": {
        "start": { "line": 35, "column": 0 },
        "end": { "line": 35, "column": 15 }
      },
      "35": {
        "start": { "line": 36, "column": 0 },
        "end": { "line": 36, "column": 7 }
      },
      "37": {
        "start": { "line": 38, "column": 0 },
        "end": { "line": 38, "column": 57 }
      },
      "38": {
        "start": { "line": 39, "column": 0 },
        "end": { "line": 39, "column": 12 }
      },
      "39": {
        "start": { "line": 40, "column": 0 },
        "end": { "line": 40, "column": 58 }
      },
      "40": {
        "start": { "line": 41, "column": 0 },
        "end": { "line": 41, "column": 5 }
      },
      "41": {
        "start": { "line": 42, "column": 0 },
        "end": { "line": 42, "column": 4 }
      },
      "43": {
        "start": { "line": 44, "column": 0 },
        "end": { "line": 44, "column": 37 }
      },
      "44": {
        "start": { "line": 45, "column": 0 },
        "end": { "line": 45, "column": 23 }
      },
      "45": {
        "start": { "line": 46, "column": 0 },
        "end": { "line": 46, "column": 42 }
      },
      "47": {
        "start": { "line": 48, "column": 0 },
        "end": { "line": 48, "column": 9 }
      },
      "48": {
        "start": { "line": 49, "column": 0 },
        "end": { "line": 49, "column": 51 }
      },
      "49": {
        "start": { "line": 50, "column": 0 },
        "end": { "line": 50, "column": 80 }
      },
      "50": {
        "start": { "line": 51, "column": 0 },
        "end": { "line": 51, "column": 28 }
      },
      "51": {
        "start": { "line": 52, "column": 0 },
        "end": { "line": 52, "column": 15 }
      },
      "52": {
        "start": { "line": 53, "column": 0 },
        "end": { "line": 53, "column": 7 }
      },
      "54": {
        "start": { "line": 55, "column": 0 },
        "end": { "line": 55, "column": 74 }
      },
      "55": {
        "start": { "line": 56, "column": 0 },
        "end": { "line": 56, "column": 41 }
      },
      "56": {
        "start": { "line": 57, "column": 0 },
        "end": { "line": 57, "column": 44 }
      },
      "57": {
        "start": { "line": 58, "column": 0 },
        "end": { "line": 58, "column": 64 }
      },
      "58": {
        "start": { "line": 59, "column": 0 },
        "end": { "line": 59, "column": 28 }
      },
      "59": {
        "start": { "line": 60, "column": 0 },
        "end": { "line": 60, "column": 15 }
      },
      "60": {
        "start": { "line": 61, "column": 0 },
        "end": { "line": 61, "column": 7 }
      },
      "62": {
        "start": { "line": 63, "column": 0 },
        "end": { "line": 63, "column": 60 }
      },
      "64": {
        "start": { "line": 65, "column": 0 },
        "end": { "line": 65, "column": 34 }
      },
      "65": {
        "start": { "line": 66, "column": 0 },
        "end": { "line": 66, "column": 43 }
      },
      "66": {
        "start": { "line": 67, "column": 0 },
        "end": { "line": 67, "column": 45 }
      },
      "67": {
        "start": { "line": 68, "column": 0 },
        "end": { "line": 68, "column": 43 }
      },
      "68": {
        "start": { "line": 69, "column": 0 },
        "end": { "line": 69, "column": 55 }
      },
      "69": {
        "start": { "line": 70, "column": 0 },
        "end": { "line": 70, "column": 40 }
      },
      "70": {
        "start": { "line": 71, "column": 0 },
        "end": { "line": 71, "column": 41 }
      },
      "71": {
        "start": { "line": 72, "column": 0 },
        "end": { "line": 72, "column": 53 }
      },
      "73": {
        "start": { "line": 74, "column": 0 },
        "end": { "line": 74, "column": 75 }
      },
      "74": {
        "start": { "line": 75, "column": 0 },
        "end": { "line": 75, "column": 23 }
      },
      "75": {
        "start": { "line": 76, "column": 0 },
        "end": { "line": 76, "column": 31 }
      },
      "76": {
        "start": { "line": 77, "column": 0 },
        "end": { "line": 77, "column": 19 }
      },
      "77": {
        "start": { "line": 78, "column": 0 },
        "end": { "line": 78, "column": 9 }
      },
      "79": {
        "start": { "line": 80, "column": 0 },
        "end": { "line": 80, "column": 25 }
      },
      "80": {
        "start": { "line": 81, "column": 0 },
        "end": { "line": 81, "column": 43 }
      },
      "81": {
        "start": { "line": 82, "column": 0 },
        "end": { "line": 82, "column": 76 }
      },
      "82": {
        "start": { "line": 83, "column": 0 },
        "end": { "line": 83, "column": 7 }
      },
      "84": {
        "start": { "line": 85, "column": 0 },
        "end": { "line": 85, "column": 43 }
      },
      "85": {
        "start": { "line": 86, "column": 0 },
        "end": { "line": 86, "column": 45 }
      },
      "87": {
        "start": { "line": 88, "column": 0 },
        "end": { "line": 88, "column": 56 }
      },
      "88": {
        "start": { "line": 89, "column": 0 },
        "end": { "line": 89, "column": 27 }
      },
      "90": {
        "start": { "line": 91, "column": 0 },
        "end": { "line": 91, "column": 24 }
      },
      "91": {
        "start": { "line": 92, "column": 0 },
        "end": { "line": 92, "column": 35 }
      },
      "92": {
        "start": { "line": 93, "column": 0 },
        "end": { "line": 93, "column": 15 }
      },
      "94": {
        "start": { "line": 95, "column": 0 },
        "end": { "line": 95, "column": 19 }
      },
      "95": {
        "start": { "line": 96, "column": 0 },
        "end": { "line": 96, "column": 18 }
      },
      "96": {
        "start": { "line": 97, "column": 0 },
        "end": { "line": 97, "column": 19 }
      },
      "97": {
        "start": { "line": 98, "column": 0 },
        "end": { "line": 98, "column": 18 }
      },
      "98": {
        "start": { "line": 99, "column": 0 },
        "end": { "line": 99, "column": 25 }
      },
      "99": {
        "start": { "line": 100, "column": 0 },
        "end": { "line": 100, "column": 24 }
      },
      "100": {
        "start": { "line": 101, "column": 0 },
        "end": { "line": 101, "column": 19 }
      },
      "101": {
        "start": { "line": 102, "column": 0 },
        "end": { "line": 102, "column": 9 }
      },
      "102": {
        "start": { "line": 103, "column": 0 },
        "end": { "line": 103, "column": 21 }
      },
      "103": {
        "start": { "line": 104, "column": 0 },
        "end": { "line": 104, "column": 65 }
      },
      "104": {
        "start": { "line": 105, "column": 0 },
        "end": { "line": 105, "column": 57 }
      },
      "105": {
        "start": { "line": 106, "column": 0 },
        "end": { "line": 106, "column": 15 }
      },
      "106": {
        "start": { "line": 107, "column": 0 },
        "end": { "line": 107, "column": 45 }
      },
      "107": {
        "start": { "line": 108, "column": 0 },
        "end": { "line": 108, "column": 5 }
      },
      "108": {
        "start": { "line": 109, "column": 0 },
        "end": { "line": 109, "column": 4 }
      },
      "110": {
        "start": { "line": 111, "column": 0 },
        "end": { "line": 111, "column": 10 }
      },
      "111": {
        "start": { "line": 112, "column": 0 },
        "end": { "line": 112, "column": 6 }
      },
      "112": {
        "start": { "line": 113, "column": 0 },
        "end": { "line": 113, "column": 16 }
      },
      "113": {
        "start": { "line": 114, "column": 0 },
        "end": { "line": 114, "column": 74 }
      },
      "114": {
        "start": { "line": 115, "column": 0 },
        "end": { "line": 115, "column": 103 }
      },
      "115": {
        "start": { "line": 116, "column": 0 },
        "end": { "line": 116, "column": 85 }
      },
      "117": {
        "start": { "line": 118, "column": 0 },
        "end": { "line": 118, "column": 78 }
      },
      "118": {
        "start": { "line": 119, "column": 0 },
        "end": { "line": 119, "column": 198 }
      },
      "120": {
        "start": { "line": 121, "column": 0 },
        "end": { "line": 121, "column": 85 }
      },
      "121": {
        "start": { "line": 122, "column": 0 },
        "end": { "line": 122, "column": 201 }
      },
      "123": {
        "start": { "line": 124, "column": 0 },
        "end": { "line": 124, "column": 78 }
      },
      "124": {
        "start": { "line": 125, "column": 0 },
        "end": { "line": 125, "column": 185 }
      },
      "125": {
        "start": { "line": 126, "column": 0 },
        "end": { "line": 126, "column": 58 }
      },
      "126": {
        "start": { "line": 127, "column": 0 },
        "end": { "line": 127, "column": 53 }
      },
      "127": {
        "start": { "line": 128, "column": 0 },
        "end": { "line": 128, "column": 68 }
      },
      "128": {
        "start": { "line": 129, "column": 0 },
        "end": { "line": 129, "column": 52 }
      },
      "129": {
        "start": { "line": 130, "column": 0 },
        "end": { "line": 130, "column": 50 }
      },
      "130": {
        "start": { "line": 131, "column": 0 },
        "end": { "line": 131, "column": 53 }
      },
      "131": {
        "start": { "line": 132, "column": 0 },
        "end": { "line": 132, "column": 57 }
      },
      "132": {
        "start": { "line": 133, "column": 0 },
        "end": { "line": 133, "column": 54 }
      },
      "133": {
        "start": { "line": 134, "column": 0 },
        "end": { "line": 134, "column": 55 }
      },
      "134": {
        "start": { "line": 135, "column": 0 },
        "end": { "line": 135, "column": 56 }
      },
      "135": {
        "start": { "line": 136, "column": 0 },
        "end": { "line": 136, "column": 54 }
      },
      "136": {
        "start": { "line": 137, "column": 0 },
        "end": { "line": 137, "column": 48 }
      },
      "137": {
        "start": { "line": 138, "column": 0 },
        "end": { "line": 138, "column": 50 }
      },
      "140": {
        "start": { "line": 141, "column": 0 },
        "end": { "line": 141, "column": 86 }
      },
      "141": {
        "start": { "line": 142, "column": 0 },
        "end": { "line": 142, "column": 208 }
      },
      "143": {
        "start": { "line": 144, "column": 0 },
        "end": { "line": 144, "column": 105 }
      },
      "144": {
        "start": { "line": 145, "column": 0 },
        "end": { "line": 145, "column": 171 }
      },
      "146": {
        "start": { "line": 147, "column": 0 },
        "end": { "line": 147, "column": 107 }
      },
      "147": {
        "start": { "line": 148, "column": 0 },
        "end": { "line": 148, "column": 162 }
      },
      "149": {
        "start": { "line": 150, "column": 0 },
        "end": { "line": 150, "column": 47 }
      },
      "150": {
        "start": { "line": 151, "column": 0 },
        "end": { "line": 151, "column": 167 }
      },
      "151": {
        "start": { "line": 152, "column": 0 },
        "end": { "line": 152, "column": 51 }
      },
      "152": {
        "start": { "line": 153, "column": 0 },
        "end": { "line": 153, "column": 69 }
      },
      "156": {
        "start": { "line": 157, "column": 0 },
        "end": { "line": 157, "column": 30 }
      },
      "157": {
        "start": { "line": 158, "column": 0 },
        "end": { "line": 158, "column": 87 }
      },
      "163": {
        "start": { "line": 164, "column": 0 },
        "end": { "line": 164, "column": 2 }
      },
      "165": {
        "start": { "line": 166, "column": 0 },
        "end": { "line": 166, "column": 26 }
      }
    },
    "s": {
      "0": 1,
      "1": 1,
      "3": 1,
      "4": 1,
      "6": 1,
      "7": 51,
      "8": 51,
      "9": 51,
      "10": 51,
      "11": 51,
      "12": 51,
      "13": 51,
      "14": 51,
      "16": 51,
      "17": 51,
      "18": 51,
      "20": 51,
      "21": 48,
      "23": 48,
      "24": 2,
      "25": 2,
      "27": 2,
      "28": 0,
      "29": 0,
      "30": 0,
      "32": 2,
      "33": 0,
      "34": 0,
      "35": 0,
      "37": 2,
      "38": 48,
      "39": 46,
      "40": 46,
      "41": 48,
      "43": 51,
      "44": 0,
      "45": 0,
      "47": 0,
      "48": 0,
      "49": 0,
      "50": 0,
      "51": 0,
      "52": 0,
      "54": 0,
      "55": 0,
      "56": 0,
      "57": 0,
      "58": 0,
      "59": 0,
      "60": 0,
      "62": 0,
      "64": 0,
      "65": 0,
      "66": 0,
      "67": 0,
      "68": 0,
      "69": 0,
      "70": 0,
      "71": 0,
      "73": 0,
      "74": 0,
      "75": 0,
      "76": 0,
      "77": 0,
      "79": 0,
      "80": 0,
      "81": 0,
      "82": 0,
      "84": 0,
      "85": 0,
      "87": 0,
      "88": 0,
      "90": 0,
      "91": 0,
      "92": 0,
      "94": 0,
      "95": 0,
      "96": 0,
      "97": 0,
      "98": 0,
      "99": 0,
      "100": 0,
      "101": 0,
      "102": 0,
      "103": 0,
      "104": 0,
      "105": 0,
      "106": 0,
      "107": 0,
      "108": 0,
      "110": 51,
      "111": 51,
      "112": 51,
      "113": 51,
      "114": 51,
      "115": 51,
      "117": 51,
      "118": 51,
      "120": 51,
      "121": 51,
      "123": 51,
      "124": 51,
      "125": 51,
      "126": 51,
      "127": 51,
      "128": 51,
      "129": 51,
      "130": 51,
      "131": 51,
[...]
        "end": { "line": 25, "column": 16 }
      },
      "25": {
        "start": { "line": 26, "column": 0 },
        "end": { "line": 26, "column": 9 }
      },
      "27": {
        "start": { "line": 28, "column": 0 },
        "end": { "line": 28, "column": 33 }
      },
      "28": {
        "start": { "line": 29, "column": 0 },
        "end": { "line": 29, "column": 84 }
      },
      "29": {
        "start": { "line": 30, "column": 0 },
        "end": { "line": 30, "column": 3 }
      },
      "31": {
        "start": { "line": 32, "column": 0 },
        "end": { "line": 32, "column": 25 }
      },
      "32": {
        "start": { "line": 33, "column": 0 },
        "end": { "line": 33, "column": 44 }
      },
      "33": {
        "start": { "line": 34, "column": 0 },
        "end": { "line": 34, "column": 3 }
      },
      "35": {
        "start": { "line": 36, "column": 0 },
        "end": { "line": 36, "column": 18 }
      },
      "36": {
        "start": { "line": 37, "column": 0 },
        "end": { "line": 37, "column": 2 }
      },
      "38": {
        "start": { "line": 39, "column": 0 },
        "end": { "line": 39, "column": 28 }
      }
    },
    "s": {
      "0": 1,
      "1": 1,
      "3": 1,
      "4": 5,
      "6": 5,
      "7": 5,
      "8": 5,
      "9": 5,
      "10": 5,
      "11": 5,
      "13": 0,
      "14": 0,
      "15": 0,
      "16": 0,
      "17": 0,
      "18": 5,
      "19": 5,
      "20": 5,
      "21": 5,
      "22": 5,
      "24": 5,
      "25": 5,
      "27": 5,
      "28": 5,
      "29": 5,
      "31": 0,
      "32": 0,
      "33": 0,
      "35": 0,
      "36": 0,
      "38": 1
    },
    "branchMap": {
      "0": {
        "type": "branch",
        "line": 4,
        "loc": {
          "start": { "line": 4, "column": 21 },
          "end": { "line": 37, "column": 2 }
        },
        "locations": [
          {
            "start": { "line": 4, "column": 21 },
            "end": { "line": 37, "column": 2 }
          }
        ]
      },
      "1": {
        "type": "branch",
        "line": 30,
        "loc": {
          "start": { "line": 30, "column": 2 },
          "end": { "line": 37, "column": 2 }
        },
        "locations": [
          {
            "start": { "line": 30, "column": 2 },
            "end": { "line": 37, "column": 2 }
          }
        ]
      },
      "2": {
        "type": "branch",
        "line": 7,
        "loc": {
          "start": { "line": 7, "column": 12 },
          "end": { "line": 26, "column": 5 }
        },
        "locations": [
          {
            "start": { "line": 7, "column": 12 },
            "end": { "line": 26, "column": 5 }
          }
        ]
      },
      "3": {
        "type": "branch",
        "line": 8,
        "loc": {
          "start": { "line": 8, "column": 22 },
          "end": { "line": 23, "column": 6 }
        },
        "locations": [
          {
            "start": { "line": 8, "column": 22 },
            "end": { "line": 23, "column": 6 }
          }
        ]
      },
      "4": {
        "type": "branch",
        "line": 12,
        "loc": {
          "start": { "line": 12, "column": 8 },
          "end": { "line": 18, "column": 9 }
        },
        "locations": [
          {
            "start": { "line": 12, "column": 8 },
            "end": { "line": 18, "column": 9 }
          }
        ]
      }
    },
    "b": { "0": [5], "1": [0], "2": [5], "3": [5], "4": [0] },
    "fnMap": {
      "0": {
        "name": "PrivateRoute",
        "decl": {
          "start": { "line": 4, "column": 21 },
          "end": { "line": 37, "column": 2 }
        },
        "loc": {
          "start": { "line": 4, "column": 21 },
          "end": { "line": 37, "column": 2 }
        },
        "line": 4
      },
      "1": {
        "name": "checkAuth",
        "decl": {
          "start": { "line": 8, "column": 22 },
          "end": { "line": 23, "column": 6 }
        },
        "loc": {
          "start": { "line": 8, "column": 22 },
          "end": { "line": 23, "column": 6 }
        },
        "line": 8
      }
    },
    "f": { "0": 5, "1": 5 }
  },
  "C:\\Users\\jesus\\Desktop\\proyectos\\BookHub\\frontend\\src\\router\\PublicRoute.jsx": {
    "path": "C:\\Users\\jesus\\Desktop\\proyectos\\BookHub\\frontend\\src\\router\\PublicRoute.jsx",
    "all": false,
    "statementMap": {
      "0": {
        "start": { "line": 1, "column": 0 },
        "end": { "line": 1, "column": 51 }
      },
      "1": {
        "start": { "line": 2, "column": 0 },
        "end": { "line": 2, "column": 44 }
      },
      "3": {
        "start": { "line": 4, "column": 0 },
        "end": { "line": 4, "column": 39 }
      },
      "4": {
        "start": { "line": 5, "column": 0 },
        "end": { "line": 5, "column": 63 }
      },
      "6": {
        "start": { "line": 7, "column": 0 },
        "end": { "line": 7, "column": 19 }
      },
      "7": {
        "start": { "line": 8, "column": 0 },
        "end": { "line": 8, "column": 35 }
      },
      "8": {
        "start": { "line": 9, "column": 0 },
        "end": { "line": 9, "column": 11 }
      },
      "9": {
        "start": { "line": 10, "column": 0 },
        "end": { "line": 10, "column": 75 }
      },
      "10": {
        "start": { "line": 11, "column": 0 },
        "end": { "line": 11, "column": 32 }
      },
      "11": {
        "start": { "line": 12, "column": 0 },
        "end": { "line": 12, "column": 11 }
      },
      "12": {
        "start": { "line": 13, "column": 0 },
        "end": { "line": 13, "column": 35 }
      },
      "13": {
        "start": { "line": 14, "column": 0 },
        "end": { "line": 14, "column": 23 }
      },
      "14": {
        "start": { "line": 15, "column": 0 },
        "end": { "line": 15, "column": 34 }
      },
      "15": {
        "start": { "line": 16, "column": 0 },
        "end": { "line": 16, "column": 7 }
      },
      "16": {
        "start": { "line": 17, "column": 0 },
        "end": { "line": 17, "column": 6 }
      },
      "18": {
        "start": { "line": 19, "column": 0 },
        "end": { "line": 19, "column": 16 }
      },
      "19": {
        "start": { "line": 20, "column": 0 },
        "end": { "line": 20, "column": 9 }
      },
      "21": {
        "start": { "line": 22, "column": 0 },
        "end": { "line": 22, "column": 33 }
      },
      "22": {
        "start": { "line": 23, "column": 0 },
        "end": { "line": 23, "column": 60 }
      },
      "23": {
        "start": { "line": 24, "column": 0 },
        "end": { "line": 24, "column": 3 }
      },
      "25": {
        "start": { "line": 26, "column": 0 },
        "end": { "line": 26, "column": 24 }
      },
      "26": {
        "start": { "line": 27, "column": 0 },
        "end": { "line": 27, "column": 39 }
      },
      "27": {
        "start": { "line": 28, "column": 0 },
        "end": { "line": 28, "column": 3 }
      },
      "29": {
        "start": { "line": 30, "column": 0 },
        "end": { "line": 30, "column": 18 }
      },
      "30": {
        "start": { "line": 31, "column": 0 },
        "end": { "line": 31, "column": 2 }
      },
      "32": {
        "start": { "line": 33, "column": 0 },
        "end": { "line": 33, "column": 27 }
      }
    },
    "s": {
      "0": 1,
      "1": 1,
      "3": 1,
      "4": 2,
      "6": 2,
      "7": 2,
      "8": 2,
      "9": 2,
      "10": 2,
      "11": 2,
      "12": 0,
      "13": 2,
      "14": 2,
      "15": 2,
      "16": 2,
      "18": 2,
      "19": 2,
      "21": 2,
      "22": 2,
      "23": 2,
      "25": 0,
      "26": 0,
      "27": 0,
      "29": 0,
      "30": 0,
      "32": 1
    },
    "branchMap": {
      "0": {
        "type": "branch",
        "line": 4,
        "loc": {
          "start": { "line": 4, "column": 20 },
          "end": { "line": 31, "column": 2 }
        },
        "locations": [
          {
            "start": { "line": 4, "column": 20 },
            "end": { "line": 31, "column": 2 }
          }
        ]
      },
      "1": {
        "type": "branch",
        "line": 24,
        "loc": {
          "start": { "line": 24, "column": 2 },
          "end": { "line": 31, "column": 2 }
        },
        "locations": [
          {
            "start": { "line": 24, "column": 2 },
            "end": { "line": 31, "column": 2 }
          }
        ]
      },
      "2": {
        "type": "branch",
        "line": 7,
        "loc": {
          "start": { "line": 7, "column": 12 },
          "end": { "line": 20, "column": 5 }
        },
        "locations": [
          {
            "start": { "line": 7, "column": 12 },
            "end": { "line": 20, "column": 5 }
          }
        ]
      },
      "3": {
        "type": "branch",
        "line": 8,
        "loc": {
          "start": { "line": 8, "column": 22 },
          "end": { "line": 17, "column": 6 }
        },
        "locations": [
          {
            "start": { "line": 8, "column": 22 },
            "end": { "line": 17, "column": 6 }
          }
        ]
      },
      "4": {
        "type": "branch",
        "line": 12,
        "loc": {
          "start": { "line": 12, "column": 8 },
          "end": { "line": 14, "column": 8 }
        },
        "locations": [
          {
            "start": { "line": 12, "column": 8 },
            "end": { "line": 14, "column": 8 }
          }
        ]
      }
    },
    "b": { "0": [2], "1": [0], "2": [2], "3": [2], "4": [0] },
    "fnMap": {
      "0": {
        "name": "PublicRoute",
        "decl": {
          "start": { "line": 4, "column": 20 },
          "end": { "line": 31, "column": 2 }
        },
        "loc": {
          "start": { "line": 4, "column": 20 },
          "end": { "line": 31, "column": 2 }
        },
        "line": 4
      },
      "1": {
        "name": "checkAuth",
        "decl": {
          "start": { "line": 8, "column": 22 },
          "end": { "line": 17, "column": 6 }
        },
        "loc": {
          "start": { "line": 8, "column": 22 },
          "end": { "line": 17, "column": 6 }
        },
        "line": 8
      }
    },
    "f": { "0": 2, "1": 2 }
  },
  "C:\\Users\\jesus\\Desktop\\proyectos\\BookHub\\frontend\\src\\router\\router.jsx": {
    "path": "C:\\Users\\jesus\\Desktop\\proyectos\\BookHub\\frontend\\src\\router\\router.jsx",
    "all": false,
    "statementMap": {
      "0": {
        "start": { "line": 1, "column": 0 },
        "end": { "line": 1, "column": 62 }
      },
      "1": {
        "start": { "line": 2, "column": 0 },
        "end": { "line": 2, "column": 56 }
      },
      "3": {
        "start": { "line": 4, "column": 0 },
        "end": { "line": 4, "column": 33 }
      },
      "4": {
        "start": { "line": 5, "column": 0 },
        "end": { "line": 5, "column": 47 }
      },
      "5": {
        "start": { "line": 6, "column": 0 },
        "end": { "line": 6, "column": 45 }
      },
      "6": {
        "start": { "line": 7, "column": 0 },
        "end": { "line": 7, "column": 35 }
      },
      "7": {
        "start": { "line": 8, "column": 0 },
        "end": { "line": 8, "column": 39 }
      },
      "8": {
        "start": { "line": 9, "column": 0 },
        "end": { "line": 9, "column": 41 }
      },
      "9": {
        "start": { "line": 10, "column": 0 },
        "end": { "line": 10, "column": 39 }
      },
      "11": {
        "start": { "line": 12, "column": 0 },
        "end": { "line": 12, "column": 42 }
      },
      "12": {
        "start": { "line": 13, "column": 0 },
        "end": { "line": 13, "column": 40 }
      },
      "13": {
        "start": { "line": 14, "column": 0 },
        "end": { "line": 14, "column": 45 }
      },
      "15": {
        "start": { "line": 16, "column": 0 },
        "end": { "line": 16, "column": 14 }
      },
      "16": {
        "start": { "line": 17, "column": 0 },
        "end": { "line": 17, "column": 26 }
      },
      "17": {
        "start": { "line": 18, "column": 0 },
        "end": { "line": 18, "column": 26 }
      },
      "18": {
        "start": { "line": 19, "column": 0 },
        "end": { "line": 19, "column": 23 }
      },
      "19": {
        "start": { "line": 20, "column": 0 },
        "end": { "line": 20, "column": 32 }
      },
      "20": {
        "start": { "line": 21, "column": 0 },
        "end": { "line": 21, "column": 2 }
      },
      "22": {
        "start": { "line": 23, "column": 0 },
        "end": { "line": 23, "column": 34 }
      },
      "23": {
        "start": { "line": 24, "column": 0 },
        "end": { "line": 24, "column": 33 }
      },
      "25": {
        "start": { "line": 26, "column": 0 },
        "end": { "line": 26, "column": 10 }
      },
      "26": {
        "start": { "line": 27, "column": 0 },
        "end": { "line": 27, "column": 33 }
      },
      "27": {
        "start": { "line": 28, "column": 0 },
        "end": { "line": 28, "column": 58 }
      },
      "28": {
        "start": { "line": 29, "column": 0 },
        "end": { "line": 29, "column": 14 }
      },
      "29": {
        "start": { "line": 30, "column": 0 },
        "end": { "line": 30, "column": 18 }
      },
      "30": {
        "start": { "line": 31, "column": 0 },
        "end": { "line": 31, "column": 63 }
      },
      "32": {
        "start": { "line": 33, "column": 0 },
        "end": { "line": 33, "column": 14 }
      },
      "33": {
        "start": { "line": 34, "column": 0 },
        "end": { "line": 34, "column": 26 }
      },
      "34": {
        "start": { "line": 35, "column": 0 },
        "end": { "line": 35, "column": 19 }
      },
      "35": {
        "start": { "line": 36, "column": 0 },
        "end": { "line": 36, "column": 34 }
      },
      "36": {
        "start": { "line": 37, "column": 0 },
        "end": { "line": 37, "column": 27 }
      },
      "37": {
        "start": { "line": 38, "column": 0 },
        "end": { "line": 38, "column": 28 }
      },
      "42": {
        "start": { "line": 43, "column": 0 },
        "end": { "line": 43, "column": 14 }
      },
      "43": {
        "start": { "line": 44, "column": 0 },
        "end": { "line": 44, "column": 23 }
      },
      "44": {
        "start": { "line": 45, "column": 0 },
        "end": { "line": 45, "column": 19 }
      },
      "45": {
        "start": { "line": 46, "column": 0 },
        "end": { "line": 46, "column": 34 }
      },
      "46": {
        "start": { "line": 47, "column": 0 },
        "end": { "line": 47, "column": 27 }
      },
      "47": {
        "start": { "line": 48, "column": 0 },
        "end": { "line": 48, "column": 25 }
      },
      "52": {
        "start": { "line": 53, "column": 0 },
        "end": { "line": 53, "column": 14 }
      },
      "53": {
        "start": { "line": 54, "column": 0 },
        "end": { "line": 54, "column": 25 }
      },
      "54": {
        "start": { "line": 55, "column": 0 },
        "end": { "line": 55, "column": 19 }
      },
      "55": {
        "start": { "line": 56, "column": 0 },
        "end": { "line": 56, "column": 34 }
      },
      "56": {
        "start": { "line": 57, "column": 0 },
        "end": { "line": 57, "column": 28 }
      },
      "57": {
        "start": { "line": 58, "column": 0 },
        "end": { "line": 58, "column": 27 }
      },
      "62": {
        "start": { "line": 63, "column": 0 },
        "end": { "line": 63, "column": 14 }
      },
      "63": {
        "start": { "line": 64, "column": 0 },
        "end": { "line": 64, "column": 34 }
      },
      "64": {
        "start": { "line": 65, "column": 0 },
        "end": { "line": 65, "column": 19 }
      },
      "65": {
        "start": { "line": 66, "column": 0 },
        "end": { "line": 66, "column": 34 }
      },
      "66": {
        "start": { "line": 67, "column": 0 },
        "end": { "line": 67, "column": 28 }
      },
      "67": {
        "start": { "line": 68, "column": 0 },
        "end": { "line": 68, "column": 31 }
      },
      "72": {
        "start": { "line": 73, "column": 0 },
        "end": { "line": 73, "column": 14 }
      },
      "73": {
        "start": { "line": 74, "column": 0 },
        "end": { "line": 74, "column": 29 }
      },
      "74": {
        "start": { "line": 75, "column": 0 },
        "end": { "line": 75, "column": 19 }
      },
      "75": {
        "start": { "line": 76, "column": 0 },
        "end": { "line": 76, "column": 34 }
      },
      "76": {
        "start": { "line": 77, "column": 0 },
        "end": { "line": 77, "column": 28 }
      },
      "77": {
        "start": { "line": 78, "column": 0 },
        "end": { "line": 78, "column": 30 }
      },
      "82": {
        "start": { "line": 83, "column": 0 },
        "end": { "line": 83, "column": 14 }
      },
      "83": {
        "start": { "line": 84, "column": 0 },
        "end": { "line": 84, "column": 26 }
      },
      "84": {
        "start": { "line": 85, "column": 0 },
        "end": { "line": 85, "column": 19 }
      },
      "85": {
        "start": { "line": 86, "column": 0 },
        "end": { "line": 86, "column": 34 }
      },
      "86": {
        "start": { "line": 87, "column": 0 },
        "end": { "line": 87, "column": 28 }
      },
      "87": {
        "start": { "line": 88, "column": 0 },
        "end": { "line": 88, "column": 27 }
      },
      "92": {
        "start": { "line": 93, "column": 0 },
        "end": { "line": 93, "column": 14 }
      },
      "93": {
        "start": { "line": 94, "column": 0 },
        "end": { "line": 94, "column": 29 }
      },
      "94": {
        "start": { "line": 95, "column": 0 },
        "end": { "line": 95, "column": 19 }
      },
      "95": {
        "start": { "line": 96, "column": 0 },
        "end": { "line": 96, "column": 34 }
      },
      "96": {
        "start": { "line": 97, "column": 0 },
        "end": { "line": 97, "column": 28 }
      },
      "97": {
        "start": { "line": 98, "column": 0 },
        "end": { "line": 98, "column": 30 }
      },
      "105": {
        "start": { "line": 106, "column": 0 },
        "end": { "line": 106, "column": 1 }
      }
    },
    "s": {
      "0": 1,
      "1": 1,
      "3": 1,
      "4": 1,
      "5": 1,
      "6": 1,
      "7": 1,
      "8": 1,
      "9": 1,
      "11": 1,
      "12": 1,
      "13": 1,
      "15": 1,
      "16": 1,
      "17": 1,
      "18": 1,
      "19": 1,
      "20": 1,
      "22": 1,
      "23": 8,
      "25": 8,
      "26": 8,
      "27": 8,
      "28": 8,
      "29": 8,
      "30": 8,
      "32": 8,
      "33": 8,
      "34": 8,
      "35": 8,
      "36": 8,
      "37": 8,
      "42": 8,
      "43": 8,
      "44": 8,
      "45": 8,
      "46": 8,
      "47": 8,
      "52": 8,
      "53": 8,
      "54": 8,
      "55": 8,
      "56": 8,
      "57": 8,
      "62": 8,
      "63": 8,
      "64": 8,
      "65": 8,
      "66": 8,
      "67": 8,
      "72": 8,
      "73": 8,
      "74": 8,
      "75": 8,
      "76": 8,
      "77": 8,
      "82": 8,
      "83": 8,
      "84": 8,
      "85": 8,
      "86": 8,
      "87": 8,
      "92": 8,
      "93": 8,
      "94": 8,
      "95": 8,
      "96": 8,
      "97": 8,
      "105": 8
    },
    "branchMap": {
      "0": {
        "type": "branch",
        "line": 23,
        "loc": {
          "start": { "line": 23, "column": 15 },
          "end": { "line": 106, "column": 1 }
        },
        "locations": [
          {
            "start": { "line": 23, "column": 15 },
            "end": { "line": 106, "column": 1 }
          }
        ]
      }
    },
    "b": { "0": [8] },
    "fnMap": {
      "0": {
        "name": "Router",
        "decl": {
          "start": { "line": 23, "column": 15 },
          "end": { "line": 106, "column": 1 }
        },
        "loc": {
          "start": { "line": 23, "column": 15 },
          "end": { "line": 106, "column": 1 }
        },
        "line": 23
      }
    },
    "f": { "0": 8 }
  }
}
