{"C:\\Users\\jesus\\Desktop\\proyectos\\BookHub\\backend\\src\\config\\cloudinary.js": {"path":"C:\\Users\\jesus\\Desktop\\proyectos\\BookHub\\backend\\src\\config\\cloudinary.js","statementMap":{"0":{"start":{"line":1,"column":19},"end":{"line":1,"column":43}},"1":{"start":{"line":2,"column":0},"end":{"line":2,"column":27}},"2":{"start":{"line":4,"column":0},"end":{"line":8,"column":3}},"3":{"start":{"line":10,"column":0},"end":{"line":10,"column":32}}},"fnMap":{},"branchMap":{},"s":{"0":1,"1":1,"2":1,"3":1},"f":{},"b":{},"_coverageSchema":"1a1c01bbd47fc00a2c39e90264f33305004495a9","hash":"ba37c49b6ac0cd6ad8ad7887b8b2ea8e4ab37e81"}
,"C:\\Users\\jesus\\Desktop\\proyectos\\BookHub\\backend\\src\\controllers\\book.controller.js": {"path":"C:\\Users\\jesus\\Desktop\\proyectos\\BookHub\\backend\\src\\controllers\\book.controller.js","statementMap":{"0":{"start":{"line":1,"column":13},"end":{"line":1,"column":44}},"1":{"start":{"line":2,"column":23},"end":{"line":2,"column":54}},"2":{"start":{"line":3,"column":11},"end":{"line":3,"column":24}},"3":{"start":{"line":6,"column":2},"end":{"line":12,"column":3}},"4":{"start":{"line":7,"column":18},"end":{"line":7,"column":35}},"5":{"start":{"line":8,"column":4},"end":{"line":8,"column":32}},"6":{"start":{"line":10,"column":4},"end":{"line":10,"column":57}},"7":{"start":{"line":11,"column":4},"end":{"line":11,"column":65}},"8":{"start":{"line":16,"column":13},"end":{"line":16,"column":26}},"9":{"start":{"line":18,"column":2},"end":{"line":27,"column":3}},"10":{"start":{"line":19,"column":17},"end":{"line":19,"column":40}},"11":{"start":{"line":20,"column":4},"end":{"line":22,"column":5}},"12":{"start":{"line":21,"column":6},"end":{"line":21,"column":79}},"13":{"start":{"line":23,"column":4},"end":{"line":23,"column":38}},"14":{"start":{"line":25,"column":4},"end":{"line":25,"column":63}},"15":{"start":{"line":26,"column":4},"end":{"line":26,"column":73}},"16":{"start":{"line":31,"column":2},"end":{"line":44,"column":3}},"17":{"start":{"line":33,"column":4},"end":{"line":35,"column":5}},"18":{"start":{"line":34,"column":6},"end":{"line":34,"column":65}},"19":{"start":{"line":37,"column":19},"end":{"line":37,"column":30}},"20":{"start":{"line":38,"column":18},"end":{"line":38,"column":45}},"21":{"start":{"line":40,"column":4},"end":{"line":40,"column":39}},"22":{"start":{"line":42,"column":4},"end":{"line":42,"column":75}},"23":{"start":{"line":43,"column":4},"end":{"line":43,"column":75}},"24":{"start":{"line":49,"column":2},"end":{"line":116,"column":3}},"25":{"start":{"line":50,"column":60},"end":{"line":50,"column":68}},"26":{"start":{"line":51,"column":17},"end":{"line":51,"column":37}},"27":{"start":{"line":52,"column":23},"end":{"line":52,"column":49}},"28":{"start":{"line":54,"column":4},"end":{"line":56,"column":5}},"29":{"start":{"line":55,"column":6},"end":{"line":55,"column":65}},"30":{"start":{"line":57,"column":4},"end":{"line":59,"column":5}},"31":{"start":{"line":58,"column":6},"end":{"line":58,"column":75}},"32":{"start":{"line":62,"column":4},"end":{"line":64,"column":5}},"33":{"start":{"line":63,"column":6},"end":{"line":63,"column":112}},"34":{"start":{"line":66,"column":4},"end":{"line":68,"column":5}},"35":{"start":{"line":67,"column":6},"end":{"line":67,"column":112}},"36":{"start":{"line":71,"column":20},"end":{"line":71,"column":54}},"37":{"start":{"line":74,"column":21},"end":{"line":82,"column":2}},"38":{"start":{"line":85,"column":21},"end":{"line":85,"column":86}},"39":{"start":{"line":88,"column":26},"end":{"line":91,"column":6}},"40":{"start":{"line":94,"column":4},"end":{"line":94,"column":59}},"41":{"start":{"line":94,"column":34},"end":{"line":94,"column":59}},"42":{"start":{"line":95,"column":4},"end":{"line":95,"column":71}},"43":{"start":{"line":95,"column":40},"end":{"line":95,"column":71}},"44":{"start":{"line":98,"column":17},"end":{"line":107,"column":6}},"45":{"start":{"line":109,"column":4},"end":{"line":109,"column":38}},"46":{"start":{"line":111,"column":4},"end":{"line":111,"column":62}},"47":{"start":{"line":112,"column":4},"end":{"line":115,"column":7}},"48":{"start":{"line":122,"column":13},"end":{"line":122,"column":26}},"49":{"start":{"line":124,"column":2},"end":{"line":147,"column":3}},"50":{"start":{"line":125,"column":17},"end":{"line":125,"column":49}},"51":{"start":{"line":126,"column":4},"end":{"line":128,"column":5}},"52":{"start":{"line":127,"column":6},"end":{"line":127,"column":79}},"53":{"start":{"line":131,"column":28},"end":{"line":135,"column":5}},"54":{"start":{"line":132,"column":20},"end":{"line":132,"column":34}},"55":{"start":{"line":133,"column":34},"end":{"line":133,"column":57}},"56":{"start":{"line":134,"column":6},"end":{"line":134,"column":47}},"57":{"start":{"line":137,"column":19},"end":{"line":137,"column":45}},"58":{"start":{"line":138,"column":20},"end":{"line":138,"column":52}},"59":{"start":{"line":140,"column":4},"end":{"line":140,"column":91}},"60":{"start":{"line":141,"column":4},"end":{"line":141,"column":95}},"61":{"start":{"line":143,"column":4},"end":{"line":143,"column":82}},"62":{"start":{"line":145,"column":4},"end":{"line":145,"column":63}},"63":{"start":{"line":146,"column":4},"end":{"line":146,"column":87}},"64":{"start":{"line":150,"column":0},"end":{"line":156,"column":2}}},"fnMap":{"0":{"name":"getBooks","decl":{"start":{"line":5,"column":15},"end":{"line":5,"column":23}},"loc":{"start":{"line":5,"column":34},"end":{"line":13,"column":1}},"line":5},"1":{"name":"getBookById","decl":{"start":{"line":15,"column":15},"end":{"line":15,"column":26}},"loc":{"start":{"line":15,"column":37},"end":{"line":28,"column":1}},"line":15},"2":{"name":"getBookByUserId","decl":{"start":{"line":30,"column":15},"end":{"line":30,"column":30}},"loc":{"start":{"line":30,"column":41},"end":{"line":45,"column":1}},"line":30},"3":{"name":"createBook","decl":{"start":{"line":48,"column":15},"end":{"line":48,"column":25}},"loc":{"start":{"line":48,"column":36},"end":{"line":117,"column":1}},"line":48},"4":{"name":"deleteBookById","decl":{"start":{"line":121,"column":15},"end":{"line":121,"column":29}},"loc":{"start":{"line":121,"column":40},"end":{"line":148,"column":1}},"line":121},"5":{"name":"(anonymous_5)","decl":{"start":{"line":131,"column":28},"end":{"line":131,"column":29}},"loc":{"start":{"line":131,"column":37},"end":{"line":135,"column":5}},"line":131}},"branchMap":{"0":{"loc":{"start":{"line":20,"column":4},"end":{"line":22,"column":5}},"type":"if","locations":[{"start":{"line":20,"column":4},"end":{"line":22,"column":5}},{"start":{},"end":{}}],"line":20},"1":{"loc":{"start":{"line":33,"column":4},"end":{"line":35,"column":5}},"type":"if","locations":[{"start":{"line":33,"column":4},"end":{"line":35,"column":5}},{"start":{},"end":{}}],"line":33},"2":{"loc":{"start":{"line":33,"column":8},"end":{"line":33,"column":33}},"type":"binary-expr","locations":[{"start":{"line":33,"column":8},"end":{"line":33,"column":17}},{"start":{"line":33,"column":21},"end":{"line":33,"column":33}}],"line":33},"3":{"loc":{"start":{"line":54,"column":4},"end":{"line":56,"column":5}},"type":"if","locations":[{"start":{"line":54,"column":4},"end":{"line":56,"column":5}},{"start":{},"end":{}}],"line":54},"4":{"loc":{"start":{"line":54,"column":8},"end":{"line":54,"column":33}},"type":"binary-expr","locations":[{"start":{"line":54,"column":8},"end":{"line":54,"column":17}},{"start":{"line":54,"column":21},"end":{"line":54,"column":33}}],"line":54},"5":{"loc":{"start":{"line":57,"column":4},"end":{"line":59,"column":5}},"type":"if","locations":[{"start":{"line":57,"column":4},"end":{"line":59,"column":5}},{"start":{},"end":{}}],"line":57},"6":{"loc":{"start":{"line":57,"column":8},"end":{"line":57,"column":88}},"type":"binary-expr","locations":[{"start":{"line":57,"column":8},"end":{"line":57,"column":14}},{"start":{"line":57,"column":18},"end":{"line":57,"column":25}},{"start":{"line":57,"column":29},"end":{"line":57,"column":35}},{"start":{"line":57,"column":39},"end":{"line":57,"column":51}},{"start":{"line":57,"column":55},"end":{"line":57,"column":64}},{"start":{"line":57,"column":68},"end":{"line":57,"column":73}},{"start":{"line":57,"column":77},"end":{"line":57,"column":88}}],"line":57},"7":{"loc":{"start":{"line":62,"column":4},"end":{"line":64,"column":5}},"type":"if","locations":[{"start":{"line":62,"column":4},"end":{"line":64,"column":5}},{"start":{},"end":{}}],"line":62},"8":{"loc":{"start":{"line":66,"column":4},"end":{"line":68,"column":5}},"type":"if","locations":[{"start":{"line":66,"column":4},"end":{"line":68,"column":5}},{"start":{},"end":{}}],"line":66},"9":{"loc":{"start":{"line":94,"column":4},"end":{"line":94,"column":59}},"type":"if","locations":[{"start":{"line":94,"column":4},"end":{"line":94,"column":59}},{"start":{},"end":{}}],"line":94},"10":{"loc":{"start":{"line":95,"column":4},"end":{"line":95,"column":71}},"type":"if","locations":[{"start":{"line":95,"column":4},"end":{"line":95,"column":71}},{"start":{},"end":{}}],"line":95},"11":{"loc":{"start":{"line":126,"column":4},"end":{"line":128,"column":5}},"type":"if","locations":[{"start":{"line":126,"column":4},"end":{"line":128,"column":5}},{"start":{},"end":{}}],"line":126}},"s":{"0":2,"1":2,"2":2,"3":2,"4":2,"5":2,"6":0,"7":0,"8":2,"9":2,"10":2,"11":2,"12":0,"13":2,"14":0,"15":0,"16":0,"17":0,"18":0,"19":0,"20":0,"21":0,"22":0,"23":0,"24":1,"25":1,"26":1,"27":1,"28":1,"29":0,"30":1,"31":0,"32":1,"33":0,"34":1,"35":0,"36":1,"37":1,"38":1,"39":1,"40":1,"41":1,"42":1,"43":1,"44":1,"45":1,"46":0,"47":0,"48":2,"49":2,"50":2,"51":2,"52":0,"53":2,"54":4,"55":4,"56":4,"57":2,"58":2,"59":2,"60":2,"61":2,"62":0,"63":0,"64":2},"f":{"0":2,"1":2,"2":0,"3":1,"4":2,"5":4},"b":{"0":[0,2],"1":[0,0],"2":[0,0],"3":[0,1],"4":[1,1],"5":[0,1],"6":[1,1,1,1,1,1,1],"7":[0,1],"8":[0,1],"9":[1,0],"10":[1,0],"11":[0,2]},"_coverageSchema":"1a1c01bbd47fc00a2c39e90264f33305004495a9","hash":"712c5f16ce5ec4445870e8fe1f1ba0d6a1242580"}
,"C:\\Users\\jesus\\Desktop\\proyectos\\BookHub\\backend\\src\\controllers\\user.controller.js": {"path":"C:\\Users\\jesus\\Desktop\\proyectos\\BookHub\\backend\\src\\controllers\\user.controller.js","statementMap":{"0":{"start":{"line":1,"column":13},"end":{"line":1,"column":44}},"1":{"start":{"line":2,"column":12},"end":{"line":2,"column":35}},"2":{"start":{"line":3,"column":15},"end":{"line":3,"column":32}},"3":{"start":{"line":4,"column":13},"end":{"line":4,"column":44}},"4":{"start":{"line":5,"column":16},"end":{"line":5,"column":35}},"5":{"start":{"line":6,"column":0},"end":{"line":6,"column":27}},"6":{"start":{"line":9,"column":30},"end":{"line":9,"column":38}},"7":{"start":{"line":11,"column":4},"end":{"line":43,"column":5}},"8":{"start":{"line":12,"column":21},"end":{"line":12,"column":48}},"9":{"start":{"line":14,"column":8},"end":{"line":16,"column":9}},"10":{"start":{"line":15,"column":12},"end":{"line":15,"column":78}},"11":{"start":{"line":18,"column":24},"end":{"line":18,"column":69}},"12":{"start":{"line":20,"column":8},"end":{"line":22,"column":9}},"13":{"start":{"line":21,"column":12},"end":{"line":21,"column":78}},"14":{"start":{"line":25,"column":22},"end":{"line":31,"column":9}},"15":{"start":{"line":33,"column":8},"end":{"line":38,"column":10}},"16":{"start":{"line":40,"column":8},"end":{"line":40,"column":65}},"17":{"start":{"line":42,"column":8},"end":{"line":42,"column":57}},"18":{"start":{"line":48,"column":36},"end":{"line":48,"column":44}},"19":{"start":{"line":50,"column":4},"end":{"line":75,"column":5}},"20":{"start":{"line":51,"column":27},"end":{"line":51,"column":54}},"21":{"start":{"line":53,"column":8},"end":{"line":55,"column":9}},"22":{"start":{"line":54,"column":12},"end":{"line":54,"column":77}},"23":{"start":{"line":57,"column":27},"end":{"line":57,"column":29}},"24":{"start":{"line":58,"column":31},"end":{"line":58,"column":70}},"25":{"start":{"line":60,"column":24},"end":{"line":66,"column":9}},"26":{"start":{"line":68,"column":8},"end":{"line":68,"column":29}},"27":{"start":{"line":70,"column":8},"end":{"line":70,"column":101}},"28":{"start":{"line":73,"column":8},"end":{"line":73,"column":58}},"29":{"start":{"line":74,"column":8},"end":{"line":74,"column":77}},"30":{"start":{"line":79,"column":15},"end":{"line":79,"column":35}},"31":{"start":{"line":81,"column":4},"end":{"line":90,"column":5}},"32":{"start":{"line":82,"column":21},"end":{"line":82,"column":53}},"33":{"start":{"line":83,"column":8},"end":{"line":85,"column":9}},"34":{"start":{"line":84,"column":11},"end":{"line":84,"column":87}},"35":{"start":{"line":86,"column":8},"end":{"line":86,"column":41}},"36":{"start":{"line":88,"column":8},"end":{"line":88,"column":60}},"37":{"start":{"line":89,"column":8},"end":{"line":89,"column":69}},"38":{"start":{"line":94,"column":15},"end":{"line":94,"column":35}},"39":{"start":{"line":96,"column":4},"end":{"line":107,"column":5}},"40":{"start":{"line":97,"column":21},"end":{"line":97,"column":64}},"41":{"start":{"line":99,"column":8},"end":{"line":101,"column":9}},"42":{"start":{"line":100,"column":12},"end":{"line":100,"column":96}},"43":{"start":{"line":103,"column":8},"end":{"line":103,"column":42}},"44":{"start":{"line":105,"column":8},"end":{"line":105,"column":62}},"45":{"start":{"line":106,"column":8},"end":{"line":106,"column":80}},"46":{"start":{"line":111,"column":2},"end":{"line":120,"column":3}},"47":{"start":{"line":112,"column":17},"end":{"line":112,"column":69}},"48":{"start":{"line":113,"column":4},"end":{"line":115,"column":5}},"49":{"start":{"line":114,"column":6},"end":{"line":114,"column":72}},"50":{"start":{"line":116,"column":4},"end":{"line":116,"column":38}},"51":{"start":{"line":118,"column":4},"end":{"line":118,"column":44}},"52":{"start":{"line":119,"column":4},"end":{"line":119,"column":76}},"53":{"start":{"line":124,"column":13},"end":{"line":124,"column":33}},"54":{"start":{"line":125,"column":53},"end":{"line":125,"column":61}},"55":{"start":{"line":127,"column":2},"end":{"line":176,"column":3}},"56":{"start":{"line":128,"column":17},"end":{"line":128,"column":40}},"57":{"start":{"line":129,"column":4},"end":{"line":131,"column":5}},"58":{"start":{"line":130,"column":6},"end":{"line":130,"column":72}},"59":{"start":{"line":134,"column":4},"end":{"line":146,"column":5}},"60":{"start":{"line":135,"column":6},"end":{"line":137,"column":7}},"61":{"start":{"line":136,"column":8},"end":{"line":136,"column":107}},"62":{"start":{"line":139,"column":22},"end":{"line":139,"column":74}},"63":{"start":{"line":140,"column":6},"end":{"line":142,"column":7}},"64":{"start":{"line":141,"column":8},"end":{"line":141,"column":85}},"65":{"start":{"line":144,"column":32},"end":{"line":144,"column":63}},"66":{"start":{"line":145,"column":6},"end":{"line":145,"column":40}},"67":{"start":{"line":149,"column":4},"end":{"line":155,"column":5}},"68":{"start":{"line":150,"column":26},"end":{"line":150,"column":55}},"69":{"start":{"line":151,"column":6},"end":{"line":153,"column":7}},"70":{"start":{"line":152,"column":8},"end":{"line":152,"column":77}},"71":{"start":{"line":154,"column":6},"end":{"line":154,"column":25}},"72":{"start":{"line":158,"column":4},"end":{"line":160,"column":5}},"73":{"start":{"line":159,"column":6},"end":{"line":159,"column":23}},"74":{"start":{"line":162,"column":4},"end":{"line":162,"column":22}},"75":{"start":{"line":164,"column":4},"end":{"line":171,"column":7}},"76":{"start":{"line":174,"column":4},"end":{"line":174,"column":60}},"77":{"start":{"line":175,"column":4},"end":{"line":175,"column":78}},"78":{"start":{"line":180,"column":17},"end":{"line":180,"column":28}},"79":{"start":{"line":181,"column":21},"end":{"line":181,"column":31}},"80":{"start":{"line":183,"column":2},"end":{"line":204,"column":3}},"81":{"start":{"line":185,"column":17},"end":{"line":185,"column":44}},"82":{"start":{"line":186,"column":4},"end":{"line":188,"column":5}},"83":{"start":{"line":187,"column":6},"end":{"line":187,"column":70}},"84":{"start":{"line":191,"column":17},"end":{"line":195,"column":25}},"85":{"start":{"line":197,"column":4},"end":{"line":200,"column":7}},"86":{"start":{"line":202,"column":4},"end":{"line":202,"column":47}},"87":{"start":{"line":203,"column":4},"end":{"line":203,"column":68}},"88":{"start":{"line":208,"column":17},"end":{"line":208,"column":28}},"89":{"start":{"line":209,"column":21},"end":{"line":209,"column":31}},"90":{"start":{"line":211,"column":2},"end":{"line":232,"column":3}},"91":{"start":{"line":213,"column":17},"end":{"line":213,"column":44}},"92":{"start":{"line":214,"column":4},"end":{"line":216,"column":5}},"93":{"start":{"line":215,"column":6},"end":{"line":215,"column":70}},"94":{"start":{"line":219,"column":17},"end":{"line":223,"column":25}},"95":{"start":{"line":225,"column":4},"end":{"line":228,"column":7}},"96":{"start":{"line":230,"column":4},"end":{"line":230,"column":50}},"97":{"start":{"line":231,"column":4},"end":{"line":231,"column":71}},"98":{"start":{"line":236,"column":2},"end":{"line":249,"column":3}},"99":{"start":{"line":237,"column":17},"end":{"line":239,"column":27}},"100":{"start":{"line":241,"column":4},"end":{"line":243,"column":5}},"101":{"start":{"line":242,"column":6},"end":{"line":242,"column":72}},"102":{"start":{"line":245,"column":4},"end":{"line":245,"column":49}},"103":{"start":{"line":247,"column":4},"end":{"line":247,"column":63}},"104":{"start":{"line":248,"column":4},"end":{"line":248,"column":75}},"105":{"start":{"line":252,"column":0},"end":{"line":262,"column":1}}},"fnMap":{"0":{"name":"login","decl":{"start":{"line":8,"column":15},"end":{"line":8,"column":20}},"loc":{"start":{"line":8,"column":31},"end":{"line":44,"column":1}},"line":8},"1":{"name":"createUser","decl":{"start":{"line":46,"column":15},"end":{"line":46,"column":25}},"loc":{"start":{"line":46,"column":35},"end":{"line":76,"column":1}},"line":46},"2":{"name":"deleteUserById","decl":{"start":{"line":78,"column":15},"end":{"line":78,"column":29}},"loc":{"start":{"line":78,"column":39},"end":{"line":91,"column":1}},"line":78},"3":{"name":"getUserById","decl":{"start":{"line":93,"column":15},"end":{"line":93,"column":26}},"loc":{"start":{"line":93,"column":37},"end":{"line":108,"column":1}},"line":93},"4":{"name":"getMe","decl":{"start":{"line":110,"column":15},"end":{"line":110,"column":20}},"loc":{"start":{"line":110,"column":31},"end":{"line":121,"column":1}},"line":110},"5":{"name":"updateUserById","decl":{"start":{"line":123,"column":15},"end":{"line":123,"column":29}},"loc":{"start":{"line":123,"column":40},"end":{"line":177,"column":1}},"line":123},"6":{"name":"likeBook","decl":{"start":{"line":179,"column":15},"end":{"line":179,"column":23}},"loc":{"start":{"line":179,"column":34},"end":{"line":205,"column":1}},"line":179},"7":{"name":"unlikeBook","decl":{"start":{"line":207,"column":15},"end":{"line":207,"column":25}},"loc":{"start":{"line":207,"column":36},"end":{"line":233,"column":1}},"line":207},"8":{"name":"getLikedBooks","decl":{"start":{"line":235,"column":15},"end":{"line":235,"column":28}},"loc":{"start":{"line":235,"column":39},"end":{"line":250,"column":1}},"line":235}},"branchMap":{"0":{"loc":{"start":{"line":14,"column":8},"end":{"line":16,"column":9}},"type":"if","locations":[{"start":{"line":14,"column":8},"end":{"line":16,"column":9}},{"start":{},"end":{}}],"line":14},"1":{"loc":{"start":{"line":20,"column":8},"end":{"line":22,"column":9}},"type":"if","locations":[{"start":{"line":20,"column":8},"end":{"line":22,"column":9}},{"start":{},"end":{}}],"line":20},"2":{"loc":{"start":{"line":53,"column":8},"end":{"line":55,"column":9}},"type":"if","locations":[{"start":{"line":53,"column":8},"end":{"line":55,"column":9}},{"start":{},"end":{}}],"line":53},"3":{"loc":{"start":{"line":83,"column":8},"end":{"line":85,"column":9}},"type":"if","locations":[{"start":{"line":83,"column":8},"end":{"line":85,"column":9}},{"start":{},"end":{}}],"line":83},"4":{"loc":{"start":{"line":99,"column":8},"end":{"line":101,"column":9}},"type":"if","locations":[{"start":{"line":99,"column":8},"end":{"line":101,"column":9}},{"start":{},"end":{}}],"line":99},"5":{"loc":{"start":{"line":113,"column":4},"end":{"line":115,"column":5}},"type":"if","locations":[{"start":{"line":113,"column":4},"end":{"line":115,"column":5}},{"start":{},"end":{}}],"line":113},"6":{"loc":{"start":{"line":129,"column":4},"end":{"line":131,"column":5}},"type":"if","locations":[{"start":{"line":129,"column":4},"end":{"line":131,"column":5}},{"start":{},"end":{}}],"line":129},"7":{"loc":{"start":{"line":134,"column":4},"end":{"line":146,"column":5}},"type":"if","locations":[{"start":{"line":134,"column":4},"end":{"line":146,"column":5}},{"start":{},"end":{}}],"line":134},"8":{"loc":{"start":{"line":135,"column":6},"end":{"line":137,"column":7}},"type":"if","locations":[{"start":{"line":135,"column":6},"end":{"line":137,"column":7}},{"start":{},"end":{}}],"line":135},"9":{"loc":{"start":{"line":140,"column":6},"end":{"line":142,"column":7}},"type":"if","locations":[{"start":{"line":140,"column":6},"end":{"line":142,"column":7}},{"start":{},"end":{}}],"line":140},"10":{"loc":{"start":{"line":149,"column":4},"end":{"line":155,"column":5}},"type":"if","locations":[{"start":{"line":149,"column":4},"end":{"line":155,"column":5}},{"start":{},"end":{}}],"line":149},"11":{"loc":{"start":{"line":149,"column":8},"end":{"line":149,"column":37}},"type":"binary-expr","locations":[{"start":{"line":149,"column":8},"end":{"line":149,"column":13}},{"start":{"line":149,"column":17},"end":{"line":149,"column":37}}],"line":149},"12":{"loc":{"start":{"line":151,"column":6},"end":{"line":153,"column":7}},"type":"if","locations":[{"start":{"line":151,"column":6},"end":{"line":153,"column":7}},{"start":{},"end":{}}],"line":151},"13":{"loc":{"start":{"line":151,"column":10},"end":{"line":151,"column":75}},"type":"binary-expr","locations":[{"start":{"line":151,"column":10},"end":{"line":151,"column":21}},{"start":{"line":151,"column":25},"end":{"line":151,"column":75}}],"line":151},"14":{"loc":{"start":{"line":158,"column":4},"end":{"line":160,"column":5}},"type":"if","locations":[{"start":{"line":158,"column":4},"end":{"line":160,"column":5}},{"start":{},"end":{}}],"line":158},"15":{"loc":{"start":{"line":158,"column":8},"end":{"line":158,"column":34}},"type":"binary-expr","locations":[{"start":{"line":158,"column":8},"end":{"line":158,"column":12}},{"start":{"line":158,"column":16},"end":{"line":158,"column":34}}],"line":158},"16":{"loc":{"start":{"line":186,"column":4},"end":{"line":188,"column":5}},"type":"if","locations":[{"start":{"line":186,"column":4},"end":{"line":188,"column":5}},{"start":{},"end":{}}],"line":186},"17":{"loc":{"start":{"line":214,"column":4},"end":{"line":216,"column":5}},"type":"if","locations":[{"start":{"line":214,"column":4},"end":{"line":216,"column":5}},{"start":{},"end":{}}],"line":214},"18":{"loc":{"start":{"line":241,"column":4},"end":{"line":243,"column":5}},"type":"if","locations":[{"start":{"line":241,"column":4},"end":{"line":243,"column":5}},{"start":{},"end":{}}],"line":241}},"s":{"0":2,"1":2,"2":2,"3":2,"4":2,"5":2,"6":4,"7":4,"8":4,"9":4,"10":1,"11":3,"12":3,"13":1,"14":2,"15":2,"16":2,"17":0,"18":3,"19":3,"20":3,"21":3,"22":1,"23":2,"24":2,"25":2,"26":2,"27":2,"28":0,"29":0,"30":2,"31":2,"32":2,"33":2,"34":0,"35":2,"36":0,"37":0,"38":3,"39":3,"40":3,"41":3,"42":1,"43":2,"44":0,"45":0,"46":1,"47":1,"48":1,"49":0,"50":1,"51":0,"52":0,"53":1,"54":1,"55":1,"56":1,"57":1,"58":0,"59":1,"60":0,"61":0,"62":0,"63":0,"64":0,"65":0,"66":0,"67":1,"68":1,"69":1,"70":0,"71":1,"72":1,"73":1,"74":1,"75":1,"76":0,"77":0,"78":1,"79":1,"80":1,"81":1,"82":1,"83":0,"84":1,"85":1,"86":0,"87":0,"88":1,"89":1,"90":1,"91":1,"92":1,"93":0,"94":1,"95":1,"96":0,"97":0,"98":1,"99":1,"100":1,"101":0,"102":1,"103":0,"104":0,"105":2},"f":{"0":4,"1":3,"2":2,"3":3,"4":1,"5":1,"6":1,"7":1,"8":1},"b":{"0":[1,3],"1":[1,2],"2":[1,2],"3":[0,2],"4":[1,2],"5":[0,1],"6":[0,1],"7":[0,1],"8":[0,0],"9":[0,0],"10":[1,0],"11":[1,1],"12":[0,1],"13":[1,0],"14":[1,0],"15":[1,1],"16":[0,1],"17":[0,1],"18":[0,1]},"_coverageSchema":"1a1c01bbd47fc00a2c39e90264f33305004495a9","hash":"cc239d19fc69e3c76919f13f72e85c5429ff1457"}
,"C:\\Users\\jesus\\Desktop\\proyectos\\BookHub\\backend\\src\\models\\book.model.js": {"path":"C:\\Users\\jesus\\Desktop\\proyectos\\BookHub\\backend\\src\\models\\book.model.js","statementMap":{"0":{"start":{"line":1,"column":17},"end":{"line":1,"column":36}},"1":{"start":{"line":3,"column":19},"end":{"line":32,"column":2}},"2":{"start":{"line":34,"column":0},"end":{"line":34,"column":60}}},"fnMap":{},"branchMap":{},"s":{"0":5,"1":5,"2":5},"f":{},"b":{},"_coverageSchema":"1a1c01bbd47fc00a2c39e90264f33305004495a9","hash":"443783c7cad136d867f5bad5dbe481adfe1d96c6"}
,"C:\\Users\\jesus\\Desktop\\proyectos\\BookHub\\backend\\src\\models\\user.model.js": {"path":"C:\\Users\\jesus\\Desktop\\proyectos\\BookHub\\backend\\src\\models\\user.model.js","statementMap":{"0":{"start":{"line":1,"column":17},"end":{"line":1,"column":36}},"1":{"start":{"line":2,"column":15},"end":{"line":2,"column":30}},"2":{"start":{"line":4,"column":19},"end":{"line":9,"column":24}},"3":{"start":{"line":11,"column":0},"end":{"line":11,"column":60}}},"fnMap":{},"branchMap":{},"s":{"0":3,"1":3,"2":3,"3":3},"f":{},"b":{},"_coverageSchema":"1a1c01bbd47fc00a2c39e90264f33305004495a9","hash":"4f571ea3a3a5751022956df3085b65972552c876"}
,"C:\\Users\\jesus\\Desktop\\proyectos\\BookHub\\backend\\src\\routes\\book.routes.js": {"path":"C:\\Users\\jesus\\Desktop\\proyectos\\BookHub\\backend\\src\\routes\\book.routes.js","statementMap":{"0":{"start":{"line":1,"column":16},"end":{"line":1,"column":34}},"1":{"start":{"line":2,"column":15},"end":{"line":2,"column":31}},"2":{"start":{"line":3,"column":23},"end":{"line":3,"column":64}},"3":{"start":{"line":4,"column":23},"end":{"line":4,"column":63}},"4":{"start":{"line":5,"column":15},"end":{"line":5,"column":32}},"5":{"start":{"line":7,"column":15},"end":{"line":7,"column":40}},"6":{"start":{"line":10,"column":0},"end":{"line":10,"column":68}},"7":{"start":{"line":13,"column":0},"end":{"line":13,"column":41}},"8":{"start":{"line":16,"column":0},"end":{"line":16,"column":63}},"9":{"start":{"line":19,"column":0},"end":{"line":27,"column":2}},"10":{"start":{"line":30,"column":0},"end":{"line":30,"column":69}},"11":{"start":{"line":32,"column":0},"end":{"line":32,"column":24}}},"fnMap":{},"branchMap":{},"s":{"0":1,"1":1,"2":1,"3":1,"4":1,"5":1,"6":1,"7":1,"8":1,"9":1,"10":1,"11":1},"f":{},"b":{},"_coverageSchema":"1a1c01bbd47fc00a2c39e90264f33305004495a9","hash":"98c10bc65c5892d3c48b249750e8db3d9d5b7b53"}
,"C:\\Users\\jesus\\Desktop\\proyectos\\BookHub\\backend\\src\\routes\\user.routes.js": {"path":"C:\\Users\\jesus\\Desktop\\proyectos\\BookHub\\backend\\src\\routes\\user.routes.js","statementMap":{"0":{"start":{"line":1,"column":16},"end":{"line":1,"column":34}},"1":{"start":{"line":2,"column":23},"end":{"line":2,"column":64}},"2":{"start":{"line":3,"column":15},"end":{"line":3,"column":31}},"3":{"start":{"line":4,"column":23},"end":{"line":4,"column":63}},"4":{"start":{"line":6,"column":0},"end":{"line":6,"column":44}},"5":{"start":{"line":7,"column":0},"end":{"line":7,"column":44}},"6":{"start":{"line":8,"column":0},"end":{"line":15,"column":3}},"7":{"start":{"line":9,"column":2},"end":{"line":13,"column":5}},"8":{"start":{"line":14,"column":2},"end":{"line":14,"column":61}},"9":{"start":{"line":18,"column":0},"end":{"line":18,"column":56}},"10":{"start":{"line":20,"column":0},"end":{"line":20,"column":73}},"11":{"start":{"line":21,"column":0},"end":{"line":21,"column":79}},"12":{"start":{"line":22,"column":0},"end":{"line":22,"column":76}},"13":{"start":{"line":24,"column":0},"end":{"line":24,"column":66}},"14":{"start":{"line":27,"column":0},"end":{"line":27,"column":69}},"15":{"start":{"line":28,"column":0},"end":{"line":28,"column":63}},"16":{"start":{"line":32,"column":0},"end":{"line":32,"column":24}}},"fnMap":{"0":{"name":"(anonymous_0)","decl":{"start":{"line":8,"column":23},"end":{"line":8,"column":24}},"loc":{"start":{"line":8,"column":37},"end":{"line":15,"column":1}},"line":8}},"branchMap":{},"s":{"0":1,"1":1,"2":1,"3":1,"4":1,"5":1,"6":1,"7":0,"8":0,"9":1,"10":1,"11":1,"12":1,"13":1,"14":1,"15":1,"16":1},"f":{"0":0},"b":{},"_coverageSchema":"1a1c01bbd47fc00a2c39e90264f33305004495a9","hash":"ed313f7b37a7c671bed1a37d64d9e6e5c6dbdd82"}
}
