TN:
SF:src\config\cloudinary.js
FNF:0
FNH:0
DA:1,1
DA:2,1
DA:4,1
DA:10,1
LF:4
LH:4
BRF:0
BRH:0
end_of_record
TN:
SF:src\controllers\book.controller.js
FN:5,getBooks
FN:15,getBookById
FN:30,getBookByUserId
FN:48,createBook
FN:121,deleteBookById
FN:131,(anonymous_5)
FNF:6
FNH:5
FNDA:2,getBooks
FNDA:2,getBookById
FNDA:0,getBookByUserId
FNDA:1,createBook
FNDA:2,deleteBookById
FNDA:4,(anonymous_5)
DA:1,2
DA:2,2
DA:3,2
DA:6,2
DA:7,2
DA:8,2
DA:10,0
DA:11,0
DA:16,2
DA:18,2
DA:19,2
DA:20,2
DA:21,0
DA:23,2
DA:25,0
DA:26,0
DA:31,0
DA:33,0
DA:34,0
DA:37,0
DA:38,0
DA:40,0
DA:42,0
DA:43,0
DA:49,1
DA:50,1
DA:51,1
DA:52,1
DA:54,1
DA:55,0
DA:57,1
DA:58,0
DA:62,1
DA:63,0
DA:66,1
DA:67,0
DA:71,1
DA:74,1
DA:85,1
DA:88,1
DA:94,1
DA:95,1
DA:98,1
DA:109,1
DA:111,0
DA:112,0
DA:122,2
DA:124,2
DA:125,2
DA:126,2
DA:127,0
DA:131,2
DA:132,4
DA:133,4
DA:134,4
DA:137,2
DA:138,2
DA:140,2
DA:141,2
DA:143,2
DA:145,0
DA:146,0
DA:150,2
LF:63
LH:41
BRDA:20,0,0,0
BRDA:20,0,1,2
BRDA:33,1,0,0
BRDA:33,1,1,0
BRDA:33,2,0,0
BRDA:33,2,1,0
BRDA:54,3,0,0
BRDA:54,3,1,1
BRDA:54,4,0,1
BRDA:54,4,1,1
BRDA:57,5,0,0
BRDA:57,5,1,1
BRDA:57,6,0,1
BRDA:57,6,1,1
BRDA:57,6,2,1
BRDA:57,6,3,1
BRDA:57,6,4,1
BRDA:57,6,5,1
BRDA:57,6,6,1
BRDA:62,7,0,0
BRDA:62,7,1,1
BRDA:66,8,0,0
BRDA:66,8,1,1
BRDA:94,9,0,1
BRDA:94,9,1,0
BRDA:95,10,0,1
BRDA:95,10,1,0
BRDA:126,11,0,0
BRDA:126,11,1,2
BRF:29
BRH:17
end_of_record
TN:
SF:src\controllers\user.controller.js
FN:8,login
FN:46,createUser
FN:78,deleteUserById
FN:93,getUserById
FN:110,getMe
FN:123,updateUserById
FN:179,likeBook
FN:207,unlikeBook
FN:235,getLikedBooks
FNF:9
FNH:9
FNDA:4,login
FNDA:3,createUser
FNDA:2,deleteUserById
FNDA:3,getUserById
FNDA:1,getMe
FNDA:1,updateUserById
FNDA:1,likeBook
FNDA:1,unlikeBook
FNDA:1,getLikedBooks
DA:1,2
DA:2,2
DA:3,2
DA:4,2
DA:5,2
DA:6,2
DA:9,4
DA:11,4
DA:12,4
DA:14,4
DA:15,1
DA:18,3
DA:20,3
DA:21,1
DA:25,2
DA:33,2
DA:40,2
DA:42,0
DA:48,3
DA:50,3
DA:51,3
DA:53,3
DA:54,1
DA:57,2
DA:58,2
DA:60,2
DA:68,2
DA:70,2
DA:73,0
DA:74,0
DA:79,2
DA:81,2
DA:82,2
DA:83,2
DA:84,0
DA:86,2
DA:88,0
DA:89,0
DA:94,3
DA:96,3
DA:97,3
DA:99,3
DA:100,1
DA:103,2
DA:105,0
DA:106,0
DA:111,1
DA:112,1
DA:113,1
DA:114,0
DA:116,1
DA:118,0
DA:119,0
DA:124,1
DA:125,1
DA:127,1
DA:128,1
DA:129,1
DA:130,0
DA:134,1
DA:135,0
DA:136,0
DA:139,0
DA:140,0
DA:141,0
DA:144,0
DA:145,0
DA:149,1
DA:150,1
DA:151,1
DA:152,0
DA:154,1
DA:158,1
DA:159,1
DA:162,1
DA:164,1
DA:174,0
DA:175,0
DA:180,1
DA:181,1
DA:183,1
DA:185,1
DA:186,1
DA:187,0
DA:191,1
DA:197,1
DA:202,0
DA:203,0
DA:208,1
DA:209,1
DA:211,1
DA:213,1
DA:214,1
DA:215,0
DA:219,1
DA:225,1
DA:230,0
DA:231,0
DA:236,1
DA:237,1
DA:241,1
DA:242,0
DA:245,1
DA:247,0
DA:248,0
DA:252,2
LF:106
LH:75
BRDA:14,0,0,1
BRDA:14,0,1,3
BRDA:20,1,0,1
BRDA:20,1,1,2
BRDA:53,2,0,1
BRDA:53,2,1,2
BRDA:83,3,0,0
BRDA:83,3,1,2
BRDA:99,4,0,1
BRDA:99,4,1,2
BRDA:113,5,0,0
BRDA:113,5,1,1
BRDA:129,6,0,0
BRDA:129,6,1,1
BRDA:134,7,0,0
BRDA:134,7,1,1
BRDA:135,8,0,0
BRDA:135,8,1,0
BRDA:140,9,0,0
BRDA:140,9,1,0
BRDA:149,10,0,1
BRDA:149,10,1,0
BRDA:149,11,0,1
BRDA:149,11,1,1
BRDA:151,12,0,0
BRDA:151,12,1,1
BRDA:151,13,0,1
BRDA:151,13,1,0
BRDA:158,14,0,1
BRDA:158,14,1,0
BRDA:158,15,0,1
BRDA:158,15,1,1
BRDA:186,16,0,0
BRDA:186,16,1,1
BRDA:214,17,0,0
BRDA:214,17,1,1
BRDA:241,18,0,0
BRDA:241,18,1,1
BRF:38
BRH:23
end_of_record
TN:
SF:src\models\book.model.js
FNF:0
FNH:0
DA:1,5
DA:3,5
DA:34,5
LF:3
LH:3
BRF:0
BRH:0
end_of_record
TN:
SF:src\models\user.model.js
FNF:0
FNH:0
DA:1,3
DA:2,3
DA:4,3
DA:11,3
LF:4
LH:4
BRF:0
BRH:0
end_of_record
TN:
SF:src\routes\book.routes.js
FNF:0
FNH:0
DA:1,1
DA:2,1
DA:3,1
DA:4,1
DA:5,1
DA:7,1
DA:10,1
DA:13,1
DA:16,1
DA:19,1
DA:30,1
DA:32,1
LF:12
LH:12
BRF:0
BRH:0
end_of_record
TN:
SF:src\routes\user.routes.js
FN:8,(anonymous_0)
FNF:1
FNH:0
FNDA:0,(anonymous_0)
DA:1,1
DA:2,1
DA:3,1
DA:4,1
DA:6,1
DA:7,1
DA:8,1
DA:9,0
DA:14,0
DA:18,1
DA:20,1
DA:21,1
DA:22,1
DA:24,1
DA:27,1
DA:28,1
DA:32,1
LF:17
LH:15
BRF:0
BRH:0
end_of_record
